{
  "C:/React/React/src/component/util/menu.ts": {
    "path": "C:/React/React/src/component/util/menu.ts",
    "statementMap": {
      "0": {
        "start": {
          "line": 2,
          "column": 2
        },
        "end": {
          "line": 11,
          "column": 3
        }
      },
      "1": {
        "start": {
          "line": 4,
          "column": 6
        },
        "end": {
          "line": 4,
          "column": 32
        }
      },
      "2": {
        "start": {
          "line": 6,
          "column": 6
        },
        "end": {
          "line": 6,
          "column": 26
        }
      },
      "3": {
        "start": {
          "line": 8,
          "column": 6
        },
        "end": {
          "line": 8,
          "column": 50
        }
      },
      "4": {
        "start": {
          "line": 10,
          "column": 6
        },
        "end": {
          "line": 10,
          "column": 40
        }
      }
    },
    "fnMap": {
      "0": {
        "name": "menu",
        "decl": {
          "start": {
            "line": 1,
            "column": 16
          },
          "end": {
            "line": 1,
            "column": 20
          }
        },
        "loc": {
          "start": {
            "line": 1,
            "column": 27
          },
          "end": {
            "line": 12,
            "column": 1
          }
        },
        "line": 1
      }
    },
    "branchMap": {
      "0": {
        "loc": {
          "start": {
            "line": 2,
            "column": 2
          },
          "end": {
            "line": 11,
            "column": 3
          }
        },
        "type": "switch",
        "locations": [
          {
            "start": {
              "line": 3,
              "column": 4
            },
            "end": {
              "line": 4,
              "column": 32
            }
          },
          {
            "start": {
              "line": 5,
              "column": 4
            },
            "end": {
              "line": 6,
              "column": 26
            }
          },
          {
            "start": {
              "line": 7,
              "column": 4
            },
            "end": {
              "line": 8,
              "column": 50
            }
          },
          {
            "start": {
              "line": 9,
              "column": 4
            },
            "end": {
              "line": 10,
              "column": 40
            }
          }
        ],
        "line": 2
      }
    },
    "s": {
      "0": 6,
      "1": 4,
      "2": 1,
      "3": 1,
      "4": 0
    },
    "f": {
      "0": 6
    },
    "b": {
      "0": [
        4,
        1,
        1,
        0
      ]
    },
    "inputSourceMap": {
      "version": 3,
      "sources": [
        "C:/React/React/src/component/util/menu.ts"
      ],
      "mappings": "AAAO,gBAAS,KAAK,MAAc;AACjC,UAAQ,MAAM;AAAA,IACZ,KAAK;AACH,aAAO;AAAA,IACT,KAAK;AACH,aAAO;AAAA,IACT,KAAK;AACH,aAAO;AAAA,IACT;AACE,aAAO;AAAA,EACX;AACF;",
      "names": []
    },
    "_coverageSchema": "1a1c01bbd47fc00a2c39e90264f33305004495a9",
    "hash": "6b17b944f3cf877a24c3736fdb58cafb0cacdb03"
  },
  "C:/React/React/src/store/headerSlice.ts": {
    "path": "C:/React/React/src/store/headerSlice.ts",
    "statementMap": {
      "0": {
        "start": {
          "line": 3,
          "column": 21
        },
        "end": {
          "line": 5,
          "column": 1
        }
      },
      "1": {
        "start": {
          "line": 6,
          "column": 20
        },
        "end": {
          "line": 14,
          "column": 2
        }
      },
      "2": {
        "start": {
          "line": 11,
          "column": 6
        },
        "end": {
          "line": 11,
          "column": 35
        }
      },
      "3": {
        "start": {
          "line": 15,
          "column": 30
        },
        "end": {
          "line": 15,
          "column": 49
        }
      }
    },
    "fnMap": {
      "0": {
        "name": "(anonymous_0)",
        "decl": {
          "start": {
            "line": 10,
            "column": 4
          },
          "end": {
            "line": 10,
            "column": 5
          }
        },
        "loc": {
          "start": {
            "line": 10,
            "column": 30
          },
          "end": {
            "line": 12,
            "column": 5
          }
        },
        "line": 10
      }
    },
    "branchMap": {},
    "s": {
      "0": 4,
      "1": 4,
      "2": 2,
      "3": 4
    },
    "f": {
      "0": 2
    },
    "b": {},
    "inputSourceMap": {
      "version": 3,
      "sources": [
        "C:/React/React/src/store/headerSlice.ts"
      ],
      "mappings": "AAAA,SAAS,mBAAmB;AAE5B,SAAS,YAAY;AAMrB,MAAM,eAA2B;AAAA,EAC/B,OAAO,KAAK,GAAG;AACjB;AAEA,MAAM,cAAc,YAAY;AAAA,EAC9B,MAAM;AAAA,EACN;AAAA,EACA,UAAU;AAAA,IACR,WAAW,OAAO,QAAQ;AACxB,YAAM,QAAQ,OAAO;AAAA,IACvB;AAAA,EACF;AACF,CAAC;AAEM,aAAM,EAAE,WAAW,IAAI,YAAY;AAC1C,eAAe,YAAY;",
      "names": []
    },
    "_coverageSchema": "1a1c01bbd47fc00a2c39e90264f33305004495a9",
    "hash": "a2943a20ab552cfa4ef3efbff142259c35aca7b3"
  },
  "C:/React/React/src/component/util/variable.ts": {
    "path": "C:/React/React/src/component/util/variable.ts",
    "statementMap": {
      "0": {
        "start": {
          "line": 1,
          "column": 30
        },
        "end": {
          "line": 1,
          "column": 34
        }
      },
      "1": {
        "start": {
          "line": 2,
          "column": 25
        },
        "end": {
          "line": 2,
          "column": 28
        }
      },
      "2": {
        "start": {
          "line": 3,
          "column": 25
        },
        "end": {
          "line": 3,
          "column": 48
        }
      },
      "3": {
        "start": {
          "line": 4,
          "column": 21
        },
        "end": {
          "line": 4,
          "column": 24
        }
      },
      "4": {
        "start": {
          "line": 5,
          "column": 27
        },
        "end": {
          "line": 5,
          "column": 64
        }
      },
      "5": {
        "start": {
          "line": 6,
          "column": 26
        },
        "end": {
          "line": 13,
          "column": 1
        }
      }
    },
    "fnMap": {},
    "branchMap": {},
    "s": {
      "0": 4,
      "1": 4,
      "2": 4,
      "3": 4,
      "4": 4,
      "5": 4
    },
    "f": {},
    "b": {},
    "inputSourceMap": {
      "version": 3,
      "sources": [
        "C:/React/React/src/component/util/variable.ts"
      ],
      "mappings": "AAEO,aAAM,iBAAiB;AACvB,aAAM,YAAY;AAClB,aAAM,YAAY,MAAO,KAAK,KAAK,KAAK;AACxC,aAAM,QAAQ;AAEd,aAAM,cAAc;AAEpB,aAAM,aAAmC;AAAA,EAC9C;AAAA,IACE,IAAI;AAAA,IACJ,MAAM;AAAA,IACN,OAAO;AAAA,IACP,OAAO;AAAA,EACT;AACF;",
      "names": []
    },
    "_coverageSchema": "1a1c01bbd47fc00a2c39e90264f33305004495a9",
    "hash": "0bd3c0396910eb07639f174e25c9d365c8a68ace"
  },
  "C:/React/React/src/api/api.ts": {
    "path": "C:/React/React/src/api/api.ts",
    "statementMap": {
      "0": {
        "start": {
          "line": 2,
          "column": 27
        },
        "end": {
          "line": 14,
          "column": 1
        }
      },
      "1": {
        "start": {
          "line": 3,
          "column": 13
        },
        "end": {
          "line": 3,
          "column": 49
        }
      },
      "2": {
        "start": {
          "line": 4,
          "column": 2
        },
        "end": {
          "line": 5,
          "column": 36
        }
      },
      "3": {
        "start": {
          "line": 5,
          "column": 4
        },
        "end": {
          "line": 5,
          "column": 36
        }
      },
      "4": {
        "start": {
          "line": 6,
          "column": 14
        },
        "end": {
          "line": 12,
          "column": 4
        }
      },
      "5": {
        "start": {
          "line": 13,
          "column": 2
        },
        "end": {
          "line": 13,
          "column": 13
        }
      },
      "6": {
        "start": {
          "line": 15,
          "column": 25
        },
        "end": {
          "line": 24,
          "column": 1
        }
      },
      "7": {
        "start": {
          "line": 16,
          "column": 14
        },
        "end": {
          "line": 22,
          "column": 4
        }
      },
      "8": {
        "start": {
          "line": 23,
          "column": 2
        },
        "end": {
          "line": 23,
          "column": 13
        }
      }
    },
    "fnMap": {
      "0": {
        "name": "(anonymous_0)",
        "decl": {
          "start": {
            "line": 2,
            "column": 27
          },
          "end": {
            "line": 2,
            "column": 28
          }
        },
        "loc": {
          "start": {
            "line": 2,
            "column": 45
          },
          "end": {
            "line": 14,
            "column": 1
          }
        },
        "line": 2
      },
      "1": {
        "name": "(anonymous_1)",
        "decl": {
          "start": {
            "line": 15,
            "column": 25
          },
          "end": {
            "line": 15,
            "column": 26
          }
        },
        "loc": {
          "start": {
            "line": 15,
            "column": 39
          },
          "end": {
            "line": 24,
            "column": 1
          }
        },
        "line": 15
      }
    },
    "branchMap": {
      "0": {
        "loc": {
          "start": {
            "line": 4,
            "column": 2
          },
          "end": {
            "line": 5,
            "column": 36
          }
        },
        "type": "if",
        "locations": [
          {
            "start": {
              "line": 4,
              "column": 2
            },
            "end": {
              "line": 5,
              "column": 36
            }
          },
          {
            "start": {},
            "end": {}
          }
        ],
        "line": 4
      }
    },
    "s": {
      "0": 4,
      "1": 7,
      "2": 7,
      "3": 6,
      "4": 7,
      "5": 0,
      "6": 4,
      "7": 0,
      "8": 0
    },
    "f": {
      "0": 7,
      "1": 0
    },
    "b": {
      "0": [
        6,
        1
      ]
    },
    "inputSourceMap": {
      "version": 3,
      "sources": [
        "C:/React/React/src/api/api.ts"
      ],
      "mappings": "AAAA,SAAS,mBAAmB;AAErB,aAAM,cAAc,OAAO,WAAmB;AACnD,MAAI,OAAO,GAAG,yBAAyB;AAEvC,MAAI,CAAC;AAAQ,WAAO,GAAG;AAEvB,QAAM,MAAM,MAAM,MAAM,MAAM;AAAA,IAC5B,QAAQ;AAAA,IACR,SAAS;AAAA,MACP,QAAQ;AAAA,MACR,gBAAgB;AAAA,IAClB;AAAA,EACF,CAAC;AACD,SAAO;AACT;AAEO,aAAM,YAAY,OAAO,OAAe;AAC7C,QAAM,MAAM,MAAM,MAAM,GAAG,0BAA0B,MAAM;AAAA,IACzD,QAAQ;AAAA,IACR,SAAS;AAAA,MACP,QAAQ;AAAA,MACR,gBAAgB;AAAA,IAClB;AAAA,EACF,CAAC;AACD,SAAO;AACT;",
      "names": []
    },
    "_coverageSchema": "1a1c01bbd47fc00a2c39e90264f33305004495a9",
    "hash": "cef9120d42c8e94e7d5e7dde1849e0a6c15b670e"
  },
  "C:/React/React/src/store/cardSlice.ts": {
    "path": "C:/React/React/src/store/cardSlice.ts",
    "statementMap": {
      "0": {
        "start": {
          "line": 3,
          "column": 21
        },
        "end": {
          "line": 8,
          "column": 1
        }
      },
      "1": {
        "start": {
          "line": 9,
          "column": 26
        },
        "end": {
          "line": 23,
          "column": 1
        }
      },
      "2": {
        "start": {
          "line": 12,
          "column": 18
        },
        "end": {
          "line": 12,
          "column": 28
        }
      },
      "3": {
        "start": {
          "line": 13,
          "column": 4
        },
        "end": {
          "line": 21,
          "column": 5
        }
      },
      "4": {
        "start": {
          "line": 14,
          "column": 23
        },
        "end": {
          "line": 14,
          "column": 64
        }
      },
      "5": {
        "start": {
          "line": 15,
          "column": 6
        },
        "end": {
          "line": 15,
          "column": 29
        }
      },
      "6": {
        "start": {
          "line": 17,
          "column": 6
        },
        "end": {
          "line": 19,
          "column": 7
        }
      },
      "7": {
        "start": {
          "line": 18,
          "column": 8
        },
        "end": {
          "line": 18,
          "column": 41
        }
      },
      "8": {
        "start": {
          "line": 20,
          "column": 6
        },
        "end": {
          "line": 20,
          "column": 34
        }
      },
      "9": {
        "start": {
          "line": 24,
          "column": 18
        },
        "end": {
          "line": 46,
          "column": 2
        }
      },
      "10": {
        "start": {
          "line": 29,
          "column": 6
        },
        "end": {
          "line": 29,
          "column": 36
        }
      },
      "11": {
        "start": {
          "line": 33,
          "column": 4
        },
        "end": {
          "line": 36,
          "column": 7
        }
      },
      "12": {
        "start": {
          "line": 34,
          "column": 6
        },
        "end": {
          "line": 34,
          "column": 29
        }
      },
      "13": {
        "start": {
          "line": 35,
          "column": 6
        },
        "end": {
          "line": 35,
          "column": 28
        }
      },
      "14": {
        "start": {
          "line": 37,
          "column": 4
        },
        "end": {
          "line": 40,
          "column": 7
        }
      },
      "15": {
        "start": {
          "line": 38,
          "column": 6
        },
        "end": {
          "line": 38,
          "column": 30
        }
      },
      "16": {
        "start": {
          "line": 39,
          "column": 6
        },
        "end": {
          "line": 39,
          "column": 35
        }
      },
      "17": {
        "start": {
          "line": 41,
          "column": 4
        },
        "end": {
          "line": 44,
          "column": 7
        }
      },
      "18": {
        "start": {
          "line": 42,
          "column": 6
        },
        "end": {
          "line": 42,
          "column": 30
        }
      },
      "19": {
        "start": {
          "line": 43,
          "column": 6
        },
        "end": {
          "line": 43,
          "column": 27
        }
      },
      "20": {
        "start": {
          "line": 47,
          "column": 29
        },
        "end": {
          "line": 47,
          "column": 46
        }
      }
    },
    "fnMap": {
      "0": {
        "name": "(anonymous_0)",
        "decl": {
          "start": {
            "line": 11,
            "column": 2
          },
          "end": {
            "line": 11,
            "column": 3
          }
        },
        "loc": {
          "start": {
            "line": 11,
            "column": 51
          },
          "end": {
            "line": 22,
            "column": 3
          }
        },
        "line": 11
      },
      "1": {
        "name": "(anonymous_1)",
        "decl": {
          "start": {
            "line": 28,
            "column": 4
          },
          "end": {
            "line": 28,
            "column": 5
          }
        },
        "loc": {
          "start": {
            "line": 28,
            "column": 29
          },
          "end": {
            "line": 30,
            "column": 5
          }
        },
        "line": 28
      },
      "2": {
        "name": "(anonymous_2)",
        "decl": {
          "start": {
            "line": 32,
            "column": 17
          },
          "end": {
            "line": 32,
            "column": 18
          }
        },
        "loc": {
          "start": {
            "line": 32,
            "column": 30
          },
          "end": {
            "line": 45,
            "column": 3
          }
        },
        "line": 32
      },
      "3": {
        "name": "(anonymous_3)",
        "decl": {
          "start": {
            "line": 33,
            "column": 40
          },
          "end": {
            "line": 33,
            "column": 41
          }
        },
        "loc": {
          "start": {
            "line": 33,
            "column": 51
          },
          "end": {
            "line": 36,
            "column": 5
          }
        },
        "line": 33
      },
      "4": {
        "name": "(anonymous_4)",
        "decl": {
          "start": {
            "line": 37,
            "column": 42
          },
          "end": {
            "line": 37,
            "column": 43
          }
        },
        "loc": {
          "start": {
            "line": 37,
            "column": 61
          },
          "end": {
            "line": 40,
            "column": 5
          }
        },
        "line": 37
      },
      "5": {
        "name": "(anonymous_5)",
        "decl": {
          "start": {
            "line": 41,
            "column": 41
          },
          "end": {
            "line": 41,
            "column": 42
          }
        },
        "loc": {
          "start": {
            "line": 41,
            "column": 52
          },
          "end": {
            "line": 44,
            "column": 5
          }
        },
        "line": 41
      }
    },
    "branchMap": {
      "0": {
        "loc": {
          "start": {
            "line": 17,
            "column": 6
          },
          "end": {
            "line": 19,
            "column": 7
          }
        },
        "type": "if",
        "locations": [
          {
            "start": {
              "line": 17,
              "column": 6
            },
            "end": {
              "line": 19,
              "column": 7
            }
          },
          {
            "start": {},
            "end": {}
          }
        ],
        "line": 17
      }
    },
    "s": {
      "0": 4,
      "1": 4,
      "2": 7,
      "3": 7,
      "4": 7,
      "5": 0,
      "6": 2,
      "7": 0,
      "8": 2,
      "9": 4,
      "10": 4,
      "11": 4,
      "12": 7,
      "13": 7,
      "14": 4,
      "15": 0,
      "16": 0,
      "17": 4,
      "18": 2,
      "19": 2,
      "20": 4
    },
    "f": {
      "0": 7,
      "1": 4,
      "2": 4,
      "3": 7,
      "4": 0,
      "5": 2
    },
    "b": {
      "0": [
        0,
        2
      ]
    },
    "inputSourceMap": {
      "version": 3,
      "sources": [
        "C:/React/React/src/store/cardSlice.ts"
      ],
      "mappings": "AAAA,SAAS,aAAa,wBAAwB;AAI9C,SAAS,mBAAmB;AAS5B,MAAM,eAA2B;AAAA,EAC/B,QAAQ;AAAA,EACR,OAAO,CAAC;AAAA,EACR,WAAW;AAAA,EACX,SAAS;AACX;AAEO,aAAM,aAAa;AAAA,EACxB;AAAA,EACA,eAAgB,GAAG,EAAE,iBAAiB,SAAS,GAAG;AAChD,UAAM,QAAQ,SAAS;AACvB,QAAI;AACF,YAAM,WAAW,MAAM,YAAY,GAAG,MAAM,KAAK,QAAQ;AAEzD,aAAO,SAAS,KAAK;AAAA,IACvB,SAAS,KAAP;AACA,UAAI,CAAC,KAAK;AACR,cAAM,IAAI,MAAM,eAAe;AAAA,MACjC;AACA,aAAO,gBAAgB,GAAG;AAAA,IAC5B;AAAA,EACF;AACF;AAEA,MAAM,YAAY,YAAY;AAAA,EAC5B,MAAM;AAAA,EACN;AAAA,EACA,UAAU;AAAA,IACR,UAAU,OAAO,QAAQ;AACvB,YAAM,SAAS,OAAO;AAAA,IACxB;AAAA,EACF;AAAA,EACA,eAAe,CAAC,YAAY;AAC1B,YAAQ,QAAQ,WAAW,SAAS,CAAC,UAAU;AAC7C,YAAM,YAAY;AAClB,YAAM,UAAU;AAAA,IAClB,CAAC;AACD,YAAQ,QAAQ,WAAW,WAAW,CAAC,OAAO,WAAW;AACvD,YAAM,YAAY;AAClB,YAAM,QAAQ,OAAO;AAAA,IACvB,CAAC;AACD,YAAQ,QAAQ,WAAW,UAAU,CAAC,UAAU;AAC9C,YAAM,YAAY;AAClB,YAAM,UAAU;AAAA,IAClB,CAAC;AAAA,EACH;AACF,CAAC;AAEM,aAAM,EAAE,UAAU,IAAI,UAAU;AACvC,eAAe,UAAU;",
      "names": []
    },
    "_coverageSchema": "1a1c01bbd47fc00a2c39e90264f33305004495a9",
    "hash": "75c08f29ad59508cb1a6f09f206712aba9115041"
  },
  "C:/React/React/src/store/modalSlice.ts": {
    "path": "C:/React/React/src/store/modalSlice.ts",
    "statementMap": {
      "0": {
        "start": {
          "line": 3,
          "column": 21
        },
        "end": {
          "line": 8,
          "column": 1
        }
      },
      "1": {
        "start": {
          "line": 9,
          "column": 26
        },
        "end": {
          "line": 23,
          "column": 1
        }
      },
      "2": {
        "start": {
          "line": 12,
          "column": 18
        },
        "end": {
          "line": 12,
          "column": 28
        }
      },
      "3": {
        "start": {
          "line": 13,
          "column": 4
        },
        "end": {
          "line": 21,
          "column": 5
        }
      },
      "4": {
        "start": {
          "line": 14,
          "column": 23
        },
        "end": {
          "line": 14,
          "column": 54
        }
      },
      "5": {
        "start": {
          "line": 15,
          "column": 6
        },
        "end": {
          "line": 15,
          "column": 35
        }
      },
      "6": {
        "start": {
          "line": 17,
          "column": 6
        },
        "end": {
          "line": 19,
          "column": 7
        }
      },
      "7": {
        "start": {
          "line": 18,
          "column": 8
        },
        "end": {
          "line": 18,
          "column": 41
        }
      },
      "8": {
        "start": {
          "line": 20,
          "column": 6
        },
        "end": {
          "line": 20,
          "column": 34
        }
      },
      "9": {
        "start": {
          "line": 24,
          "column": 19
        },
        "end": {
          "line": 49,
          "column": 2
        }
      },
      "10": {
        "start": {
          "line": 29,
          "column": 6
        },
        "end": {
          "line": 29,
          "column": 32
        }
      },
      "11": {
        "start": {
          "line": 32,
          "column": 6
        },
        "end": {
          "line": 32,
          "column": 27
        }
      },
      "12": {
        "start": {
          "line": 36,
          "column": 4
        },
        "end": {
          "line": 39,
          "column": 7
        }
      },
      "13": {
        "start": {
          "line": 37,
          "column": 6
        },
        "end": {
          "line": 37,
          "column": 27
        }
      },
      "14": {
        "start": {
          "line": 38,
          "column": 6
        },
        "end": {
          "line": 38,
          "column": 28
        }
      },
      "15": {
        "start": {
          "line": 40,
          "column": 4
        },
        "end": {
          "line": 43,
          "column": 7
        }
      },
      "16": {
        "start": {
          "line": 41,
          "column": 6
        },
        "end": {
          "line": 41,
          "column": 26
        }
      },
      "17": {
        "start": {
          "line": 42,
          "column": 6
        },
        "end": {
          "line": 42,
          "column": 34
        }
      },
      "18": {
        "start": {
          "line": 44,
          "column": 4
        },
        "end": {
          "line": 47,
          "column": 7
        }
      },
      "19": {
        "start": {
          "line": 45,
          "column": 6
        },
        "end": {
          "line": 45,
          "column": 27
        }
      },
      "20": {
        "start": {
          "line": 46,
          "column": 6
        },
        "end": {
          "line": 46,
          "column": 27
        }
      },
      "21": {
        "start": {
          "line": 50,
          "column": 48
        },
        "end": {
          "line": 50,
          "column": 66
        }
      }
    },
    "fnMap": {
      "0": {
        "name": "(anonymous_0)",
        "decl": {
          "start": {
            "line": 11,
            "column": 2
          },
          "end": {
            "line": 11,
            "column": 3
          }
        },
        "loc": {
          "start": {
            "line": 11,
            "column": 51
          },
          "end": {
            "line": 22,
            "column": 3
          }
        },
        "line": 11
      },
      "1": {
        "name": "(anonymous_1)",
        "decl": {
          "start": {
            "line": 28,
            "column": 4
          },
          "end": {
            "line": 28,
            "column": 5
          }
        },
        "loc": {
          "start": {
            "line": 28,
            "column": 33
          },
          "end": {
            "line": 30,
            "column": 5
          }
        },
        "line": 28
      },
      "2": {
        "name": "(anonymous_2)",
        "decl": {
          "start": {
            "line": 31,
            "column": 4
          },
          "end": {
            "line": 31,
            "column": 5
          }
        },
        "loc": {
          "start": {
            "line": 31,
            "column": 25
          },
          "end": {
            "line": 33,
            "column": 5
          }
        },
        "line": 31
      },
      "3": {
        "name": "(anonymous_3)",
        "decl": {
          "start": {
            "line": 35,
            "column": 17
          },
          "end": {
            "line": 35,
            "column": 18
          }
        },
        "loc": {
          "start": {
            "line": 35,
            "column": 30
          },
          "end": {
            "line": 48,
            "column": 3
          }
        },
        "line": 35
      },
      "4": {
        "name": "(anonymous_4)",
        "decl": {
          "start": {
            "line": 36,
            "column": 40
          },
          "end": {
            "line": 36,
            "column": 41
          }
        },
        "loc": {
          "start": {
            "line": 36,
            "column": 51
          },
          "end": {
            "line": 39,
            "column": 5
          }
        },
        "line": 36
      },
      "5": {
        "name": "(anonymous_5)",
        "decl": {
          "start": {
            "line": 40,
            "column": 42
          },
          "end": {
            "line": 40,
            "column": 43
          }
        },
        "loc": {
          "start": {
            "line": 40,
            "column": 61
          },
          "end": {
            "line": 43,
            "column": 5
          }
        },
        "line": 40
      },
      "6": {
        "name": "(anonymous_6)",
        "decl": {
          "start": {
            "line": 44,
            "column": 41
          },
          "end": {
            "line": 44,
            "column": 42
          }
        },
        "loc": {
          "start": {
            "line": 44,
            "column": 52
          },
          "end": {
            "line": 47,
            "column": 5
          }
        },
        "line": 44
      }
    },
    "branchMap": {
      "0": {
        "loc": {
          "start": {
            "line": 17,
            "column": 6
          },
          "end": {
            "line": 19,
            "column": 7
          }
        },
        "type": "if",
        "locations": [
          {
            "start": {
              "line": 17,
              "column": 6
            },
            "end": {
              "line": 19,
              "column": 7
            }
          },
          {
            "start": {},
            "end": {}
          }
        ],
        "line": 17
      }
    },
    "s": {
      "0": 4,
      "1": 4,
      "2": 0,
      "3": 0,
      "4": 0,
      "5": 0,
      "6": 0,
      "7": 0,
      "8": 0,
      "9": 4,
      "10": 0,
      "11": 0,
      "12": 4,
      "13": 0,
      "14": 0,
      "15": 4,
      "16": 0,
      "17": 0,
      "18": 4,
      "19": 0,
      "20": 0,
      "21": 4
    },
    "f": {
      "0": 0,
      "1": 0,
      "2": 0,
      "3": 4,
      "4": 0,
      "5": 0,
      "6": 0
    },
    "b": {
      "0": [
        0,
        0
      ]
    },
    "inputSourceMap": {
      "version": 3,
      "sources": [
        "C:/React/React/src/store/modalSlice.ts"
      ],
      "mappings": "AAAA,SAAS,aAAa,wBAAwB;AAI9C,SAAS,iBAAiB;AAS1B,MAAM,eAA4B;AAAA,EAChC,IAAI;AAAA,EACJ,MAAM;AAAA,EACN,QAAQ;AAAA,EACR,SAAS;AACX;AAEO,aAAM,aAAa;AAAA,EACxB;AAAA,EACA,eAAgB,GAAG,EAAE,iBAAiB,SAAS,GAAG;AAChD,UAAM,QAAQ,SAAS;AACvB,QAAI;AACF,YAAM,WAAW,MAAM,UAAU,MAAM,MAAM,EAAE;AAE/C,aAAO,MAAM,SAAS,KAAK;AAAA,IAC7B,SAAS,KAAP;AACA,UAAI,CAAC,KAAK;AACR,cAAM,IAAI,MAAM,eAAe;AAAA,MACjC;AACA,aAAO,gBAAgB,GAAG;AAAA,IAC5B;AAAA,EACF;AACF;AAEA,MAAM,aAAa,YAAY;AAAA,EAC7B,MAAM;AAAA,EACN;AAAA,EACA,UAAU;AAAA,IACR,cAAc,OAAO,QAAQ;AAC3B,YAAM,KAAK,OAAO;AAAA,IACpB;AAAA,IACA,cAAc,OAAO;AACnB,YAAM,SAAS;AAAA,IACjB;AAAA,EACF;AAAA,EACA,eAAe,CAAC,YAAY;AAC1B,YAAQ,QAAQ,WAAW,SAAS,CAAC,UAAU;AAC7C,YAAM,SAAS;AACf,YAAM,UAAU;AAAA,IAClB,CAAC;AACD,YAAQ,QAAQ,WAAW,WAAW,CAAC,OAAO,WAAW;AACvD,YAAM,SAAS;AACf,YAAM,OAAO,OAAO;AAAA,IACtB,CAAC;AACD,YAAQ,QAAQ,WAAW,UAAU,CAAC,UAAU;AAC9C,YAAM,SAAS;AACf,YAAM,UAAU;AAAA,IAClB,CAAC;AAAA,EACH;AACF,CAAC;AAEM,aAAM,EAAE,eAAe,cAAc,IAAI,WAAW;AAC3D,eAAe,WAAW;",
      "names": []
    },
    "_coverageSchema": "1a1c01bbd47fc00a2c39e90264f33305004495a9",
    "hash": "0540ce949a9aaa414ebcee0efd7f8ac952f39cda"
  },
  "C:/React/React/src/store/formSlice.ts": {
    "path": "C:/React/React/src/store/formSlice.ts",
    "statementMap": {
      "0": {
        "start": {
          "line": 2,
          "column": 21
        },
        "end": {
          "line": 5,
          "column": 1
        }
      },
      "1": {
        "start": {
          "line": 6,
          "column": 18
        },
        "end": {
          "line": 18,
          "column": 2
        }
      },
      "2": {
        "start": {
          "line": 11,
          "column": 6
        },
        "end": {
          "line": 11,
          "column": 39
        }
      },
      "3": {
        "start": {
          "line": 12,
          "column": 6
        },
        "end": {
          "line": 12,
          "column": 29
        }
      },
      "4": {
        "start": {
          "line": 15,
          "column": 6
        },
        "end": {
          "line": 15,
          "column": 30
        }
      },
      "5": {
        "start": {
          "line": 19,
          "column": 39
        },
        "end": {
          "line": 19,
          "column": 56
        }
      }
    },
    "fnMap": {
      "0": {
        "name": "(anonymous_0)",
        "decl": {
          "start": {
            "line": 10,
            "column": 4
          },
          "end": {
            "line": 10,
            "column": 5
          }
        },
        "loc": {
          "start": {
            "line": 10,
            "column": 30
          },
          "end": {
            "line": 13,
            "column": 5
          }
        },
        "line": 10
      },
      "1": {
        "name": "(anonymous_1)",
        "decl": {
          "start": {
            "line": 14,
            "column": 4
          },
          "end": {
            "line": 14,
            "column": 5
          }
        },
        "loc": {
          "start": {
            "line": 14,
            "column": 19
          },
          "end": {
            "line": 16,
            "column": 5
          }
        },
        "line": 14
      }
    },
    "branchMap": {},
    "s": {
      "0": 4,
      "1": 4,
      "2": 0,
      "3": 0,
      "4": 0,
      "5": 4
    },
    "f": {
      "0": 0,
      "1": 0
    },
    "b": {},
    "inputSourceMap": {
      "version": 3,
      "sources": [
        "C:/React/React/src/store/formSlice.ts"
      ],
      "mappings": "AAAA,SAAS,mBAAmB;AAS5B,MAAM,eAA8B;AAAA,EAClC,WAAW;AAAA,EACX,OAAO,CAAC;AACV;AAEA,MAAM,YAAY,YAAY;AAAA,EAC5B,MAAM;AAAA,EACN;AAAA,EACA,UAAU;AAAA,IACR,WAAW,OAAO,QAAQ;AACxB,YAAM,MAAM,KAAK,OAAO,OAAO;AAC/B,YAAM,YAAY;AAAA,IACpB;AAAA,IACA,QAAQ,OAAO;AACb,YAAM,YAAY;AAAA,IACpB;AAAA,EACF;AACF,CAAC;AAEM,aAAM,EAAE,YAAY,QAAQ,IAAI,UAAU;AACjD,eAAe,UAAU;",
      "names": []
    },
    "_coverageSchema": "1a1c01bbd47fc00a2c39e90264f33305004495a9",
    "hash": "017bfe074f6fe9ac30b700c3f6752c0e29a18a9f"
  },
  "C:/React/React/src/store/index.ts": {
    "path": "C:/React/React/src/store/index.ts",
    "statementMap": {
      "0": {
        "start": {
          "line": 6,
          "column": 21
        },
        "end": {
          "line": 13,
          "column": 2
        }
      }
    },
    "fnMap": {},
    "branchMap": {},
    "s": {
      "0": 4
    },
    "f": {},
    "b": {},
    "inputSourceMap": {
      "version": 3,
      "sources": [
        "C:/React/React/src/store/index.ts"
      ],
      "mappings": "AAAA,SAAS,sBAAsB;AAE/B,OAAO,gBAAgB;AACvB,OAAO,eAAe;AACtB,OAAO,gBAAgB;AACvB,OAAO,eAAe;AAEf,aAAM,QAAQ,eAAe;AAAA,EAClC,SAAS;AAAA,IACP,QAAQ;AAAA,IACR,MAAM;AAAA,IACN,OAAO;AAAA,IACP,MAAM;AAAA,EACR;AACF,CAAC;",
      "names": []
    },
    "_coverageSchema": "1a1c01bbd47fc00a2c39e90264f33305004495a9",
    "hash": "e0713d541a55bbb1a0403ce59d6bf161c58e442b"
  },
  "C:/React/React/src/component/UI/input/Search.tsx": {
    "path": "C:/React/React/src/component/UI/input/Search.tsx",
    "statementMap": {
      "0": {
        "start": {
          "line": 5,
          "column": 0
        },
        "end": {
          "line": 15,
          "column": 1
        }
      },
      "1": {
        "start": {
          "line": 6,
          "column": 2
        },
        "end": {
          "line": 8,
          "column": 3
        }
      },
      "2": {
        "start": {
          "line": 7,
          "column": 4
        },
        "end": {
          "line": 7,
          "column": 165
        }
      },
      "3": {
        "start": {
          "line": 9,
          "column": 2
        },
        "end": {
          "line": 9,
          "column": 39
        }
      },
      "4": {
        "start": {
          "line": 10,
          "column": 2
        },
        "end": {
          "line": 10,
          "column": 39
        }
      },
      "5": {
        "start": {
          "line": 11,
          "column": 2
        },
        "end": {
          "line": 13,
          "column": 4
        }
      },
      "6": {
        "start": {
          "line": 12,
          "column": 4
        },
        "end": {
          "line": 12,
          "column": 92
        }
      },
      "7": {
        "start": {
          "line": 14,
          "column": 2
        },
        "end": {
          "line": 14,
          "column": 75
        }
      },
      "8": {
        "start": {
          "line": 17,
          "column": 22
        },
        "end": {
          "line": 32,
          "column": 1
        }
      },
      "9": {
        "start": {
          "line": 22,
          "column": 6
        },
        "end": {
          "line": 22,
          "column": 11
        }
      },
      "10": {
        "start": {
          "line": 23,
          "column": 2
        },
        "end": {
          "line": 31,
          "column": 11
        }
      },
      "11": {
        "start": {
          "line": 33,
          "column": 0
        },
        "end": {
          "line": 33,
          "column": 12
        }
      },
      "12": {
        "start": {
          "line": 35,
          "column": 0
        },
        "end": {
          "line": 35,
          "column": 27
        }
      },
      "13": {
        "start": {
          "line": 36,
          "column": 0
        },
        "end": {
          "line": 52,
          "column": 1
        }
      },
      "14": {
        "start": {
          "line": 37,
          "column": 2
        },
        "end": {
          "line": 37,
          "column": 39
        }
      },
      "15": {
        "start": {
          "line": 38,
          "column": 2
        },
        "end": {
          "line": 38,
          "column": 39
        }
      },
      "16": {
        "start": {
          "line": 39,
          "column": 2
        },
        "end": {
          "line": 51,
          "column": 5
        }
      },
      "17": {
        "start": {
          "line": 43,
          "column": 4
        },
        "end": {
          "line": 43,
          "column": 118
        }
      },
      "18": {
        "start": {
          "line": 44,
          "column": 4
        },
        "end": {
          "line": 50,
          "column": 7
        }
      },
      "19": {
        "start": {
          "line": 45,
          "column": 6
        },
        "end": {
          "line": 46,
          "column": 15
        }
      },
      "20": {
        "start": {
          "line": 46,
          "column": 8
        },
        "end": {
          "line": 46,
          "column": 15
        }
      },
      "21": {
        "start": {
          "line": 47,
          "column": 32
        },
        "end": {
          "line": 47,
          "column": 115
        }
      },
      "22": {
        "start": {
          "line": 48,
          "column": 6
        },
        "end": {
          "line": 49,
          "column": 54
        }
      },
      "23": {
        "start": {
          "line": 49,
          "column": 8
        },
        "end": {
          "line": 49,
          "column": 54
        }
      }
    },
    "fnMap": {
      "0": {
        "name": "(anonymous_0)",
        "decl": {
          "start": {
            "line": 11,
            "column": 24
          },
          "end": {
            "line": 11,
            "column": 25
          }
        },
        "loc": {
          "start": {
            "line": 11,
            "column": 38
          },
          "end": {
            "line": 13,
            "column": 3
          }
        },
        "line": 11
      },
      "1": {
        "name": "(anonymous_1)",
        "decl": {
          "start": {
            "line": 17,
            "column": 22
          },
          "end": {
            "line": 17,
            "column": 23
          }
        },
        "loc": {
          "start": {
            "line": 17,
            "column": 33
          },
          "end": {
            "line": 32,
            "column": 1
          }
        },
        "line": 17
      },
      "2": {
        "name": "(anonymous_2)",
        "decl": {
          "start": {
            "line": 42,
            "column": 9
          },
          "end": {
            "line": 42,
            "column": 10
          }
        },
        "loc": {
          "start": {
            "line": 42,
            "column": 29
          },
          "end": {
            "line": 51,
            "column": 3
          }
        },
        "line": 42
      },
      "3": {
        "name": "(anonymous_3)",
        "decl": {
          "start": {
            "line": 44,
            "column": 27
          },
          "end": {
            "line": 44,
            "column": 28
          }
        },
        "loc": {
          "start": {
            "line": 44,
            "column": 44
          },
          "end": {
            "line": 50,
            "column": 5
          }
        },
        "line": 44
      }
    },
    "branchMap": {
      "0": {
        "loc": {
          "start": {
            "line": 5,
            "column": 0
          },
          "end": {
            "line": 15,
            "column": 1
          }
        },
        "type": "if",
        "locations": [
          {
            "start": {
              "line": 5,
              "column": 0
            },
            "end": {
              "line": 15,
              "column": 1
            }
          },
          {
            "start": {},
            "end": {}
          }
        ],
        "line": 5
      },
      "1": {
        "loc": {
          "start": {
            "line": 6,
            "column": 2
          },
          "end": {
            "line": 8,
            "column": 3
          }
        },
        "type": "if",
        "locations": [
          {
            "start": {
              "line": 6,
              "column": 2
            },
            "end": {
              "line": 8,
              "column": 3
            }
          },
          {
            "start": {},
            "end": {}
          }
        ],
        "line": 6
      },
      "2": {
        "loc": {
          "start": {
            "line": 21,
            "column": 4
          },
          "end": {
            "line": 21,
            "column": 63
          }
        },
        "type": "default-arg",
        "locations": [
          {
            "start": {
              "line": 21,
              "column": 18
            },
            "end": {
              "line": 21,
              "column": 63
            }
          }
        ],
        "line": 21
      },
      "3": {
        "loc": {
          "start": {
            "line": 36,
            "column": 0
          },
          "end": {
            "line": 52,
            "column": 1
          }
        },
        "type": "if",
        "locations": [
          {
            "start": {
              "line": 36,
              "column": 0
            },
            "end": {
              "line": 52,
              "column": 1
            }
          },
          {
            "start": {},
            "end": {}
          }
        ],
        "line": 36
      },
      "4": {
        "loc": {
          "start": {
            "line": 45,
            "column": 6
          },
          "end": {
            "line": 46,
            "column": 15
          }
        },
        "type": "if",
        "locations": [
          {
            "start": {
              "line": 45,
              "column": 6
            },
            "end": {
              "line": 46,
              "column": 15
            }
          },
          {
            "start": {},
            "end": {}
          }
        ],
        "line": 45
      },
      "5": {
        "loc": {
          "start": {
            "line": 48,
            "column": 6
          },
          "end": {
            "line": 49,
            "column": 54
          }
        },
        "type": "if",
        "locations": [
          {
            "start": {
              "line": 48,
              "column": 6
            },
            "end": {
              "line": 49,
              "column": 54
            }
          },
          {
            "start": {},
            "end": {}
          }
        ],
        "line": 48
      }
    },
    "s": {
      "0": 4,
      "1": 4,
      "2": 0,
      "3": 4,
      "4": 4,
      "5": 4,
      "6": 4,
      "7": 4,
      "8": 4,
      "9": 22,
      "10": 22,
      "11": 4,
      "12": 4,
      "13": 4,
      "14": 4,
      "15": 4,
      "16": 4,
      "17": 3,
      "18": 3,
      "19": 0,
      "20": 0,
      "21": 0,
      "22": 0,
      "23": 0
    },
    "f": {
      "0": 4,
      "1": 22,
      "2": 3,
      "3": 0
    },
    "b": {
      "0": [
        4,
        0
      ],
      "1": [
        0,
        4
      ],
      "2": [
        22
      ],
      "3": [
        4,
        0
      ],
      "4": [
        0,
        0
      ],
      "5": [
        0,
        0
      ]
    },
    "inputSourceMap": {
      "version": 3,
      "mappings": "AAUM;AAVN,OAAOA,oBAAkB;AAAA;AAAA;AAAA;AAAA;AAAA;AAAA;AAAA;AAAA;AAAA;AAAA;AAAA;AAAA;AAAA;AAEzB,OAAOC,aAAa;AAGb,aAAMC,SAASA,CAACC,UAAuB;AAC5C,QAAM;AAAA,IAAEC;AAAAA,IAAUC;AAAAA,IAAOC,cAAc;AAAA,EAA8C,IAAIH;AAEzF,SACE,uBAAC,SAAI,WAAU,UACb,iCAAC,WACC,WAAWF,QAAQM,QACnB,MAAK,QACL,UACA,aACA,SALF;AAAA;AAAA;AAAA;AAAA,SAKe,KANjB;AAAA;AAAA;AAAA;AAAA,SAQA;AAEJ;AAAEC,KAdWN;AAAM;AAAAO",
      "names": [
        "React",
        "classes",
        "Search",
        "props",
        "onChange",
        "value",
        "placeholder",
        "search",
        "_c",
        "$RefreshReg$"
      ],
      "sources": [
        "C:/React/React/src/component/UI/input/Search.tsx"
      ],
      "file": "C:/React/React/src/component/UI/input/Search.tsx"
    },
    "_coverageSchema": "1a1c01bbd47fc00a2c39e90264f33305004495a9",
    "hash": "9cbb37717a0ae0e7ebc3b50a89f4129169f8c192"
  },
  "C:/React/React/src/component/UI/button/Button.tsx": {
    "path": "C:/React/React/src/component/UI/button/Button.tsx",
    "statementMap": {
      "0": {
        "start": {
          "line": 5,
          "column": 0
        },
        "end": {
          "line": 15,
          "column": 1
        }
      },
      "1": {
        "start": {
          "line": 6,
          "column": 2
        },
        "end": {
          "line": 8,
          "column": 3
        }
      },
      "2": {
        "start": {
          "line": 7,
          "column": 4
        },
        "end": {
          "line": 7,
          "column": 165
        }
      },
      "3": {
        "start": {
          "line": 9,
          "column": 2
        },
        "end": {
          "line": 9,
          "column": 39
        }
      },
      "4": {
        "start": {
          "line": 10,
          "column": 2
        },
        "end": {
          "line": 10,
          "column": 39
        }
      },
      "5": {
        "start": {
          "line": 11,
          "column": 2
        },
        "end": {
          "line": 13,
          "column": 4
        }
      },
      "6": {
        "start": {
          "line": 12,
          "column": 4
        },
        "end": {
          "line": 12,
          "column": 93
        }
      },
      "7": {
        "start": {
          "line": 14,
          "column": 2
        },
        "end": {
          "line": 14,
          "column": 75
        }
      },
      "8": {
        "start": {
          "line": 17,
          "column": 22
        },
        "end": {
          "line": 26,
          "column": 1
        }
      },
      "9": {
        "start": {
          "line": 21,
          "column": 2
        },
        "end": {
          "line": 25,
          "column": 11
        }
      },
      "10": {
        "start": {
          "line": 27,
          "column": 0
        },
        "end": {
          "line": 27,
          "column": 12
        }
      },
      "11": {
        "start": {
          "line": 29,
          "column": 0
        },
        "end": {
          "line": 29,
          "column": 27
        }
      },
      "12": {
        "start": {
          "line": 30,
          "column": 0
        },
        "end": {
          "line": 46,
          "column": 1
        }
      },
      "13": {
        "start": {
          "line": 31,
          "column": 2
        },
        "end": {
          "line": 31,
          "column": 39
        }
      },
      "14": {
        "start": {
          "line": 32,
          "column": 2
        },
        "end": {
          "line": 32,
          "column": 39
        }
      },
      "15": {
        "start": {
          "line": 33,
          "column": 2
        },
        "end": {
          "line": 45,
          "column": 5
        }
      },
      "16": {
        "start": {
          "line": 37,
          "column": 4
        },
        "end": {
          "line": 37,
          "column": 119
        }
      },
      "17": {
        "start": {
          "line": 38,
          "column": 4
        },
        "end": {
          "line": 44,
          "column": 7
        }
      },
      "18": {
        "start": {
          "line": 39,
          "column": 6
        },
        "end": {
          "line": 40,
          "column": 15
        }
      },
      "19": {
        "start": {
          "line": 40,
          "column": 8
        },
        "end": {
          "line": 40,
          "column": 15
        }
      },
      "20": {
        "start": {
          "line": 41,
          "column": 32
        },
        "end": {
          "line": 41,
          "column": 115
        }
      },
      "21": {
        "start": {
          "line": 42,
          "column": 6
        },
        "end": {
          "line": 43,
          "column": 54
        }
      },
      "22": {
        "start": {
          "line": 43,
          "column": 8
        },
        "end": {
          "line": 43,
          "column": 54
        }
      }
    },
    "fnMap": {
      "0": {
        "name": "(anonymous_0)",
        "decl": {
          "start": {
            "line": 11,
            "column": 24
          },
          "end": {
            "line": 11,
            "column": 25
          }
        },
        "loc": {
          "start": {
            "line": 11,
            "column": 38
          },
          "end": {
            "line": 13,
            "column": 3
          }
        },
        "line": 11
      },
      "1": {
        "name": "(anonymous_1)",
        "decl": {
          "start": {
            "line": 17,
            "column": 22
          },
          "end": {
            "line": 17,
            "column": 23
          }
        },
        "loc": {
          "start": {
            "line": 20,
            "column": 6
          },
          "end": {
            "line": 26,
            "column": 1
          }
        },
        "line": 20
      },
      "2": {
        "name": "(anonymous_2)",
        "decl": {
          "start": {
            "line": 36,
            "column": 9
          },
          "end": {
            "line": 36,
            "column": 10
          }
        },
        "loc": {
          "start": {
            "line": 36,
            "column": 29
          },
          "end": {
            "line": 45,
            "column": 3
          }
        },
        "line": 36
      },
      "3": {
        "name": "(anonymous_3)",
        "decl": {
          "start": {
            "line": 38,
            "column": 27
          },
          "end": {
            "line": 38,
            "column": 28
          }
        },
        "loc": {
          "start": {
            "line": 38,
            "column": 44
          },
          "end": {
            "line": 44,
            "column": 5
          }
        },
        "line": 38
      }
    },
    "branchMap": {
      "0": {
        "loc": {
          "start": {
            "line": 5,
            "column": 0
          },
          "end": {
            "line": 15,
            "column": 1
          }
        },
        "type": "if",
        "locations": [
          {
            "start": {
              "line": 5,
              "column": 0
            },
            "end": {
              "line": 15,
              "column": 1
            }
          },
          {
            "start": {},
            "end": {}
          }
        ],
        "line": 5
      },
      "1": {
        "loc": {
          "start": {
            "line": 6,
            "column": 2
          },
          "end": {
            "line": 8,
            "column": 3
          }
        },
        "type": "if",
        "locations": [
          {
            "start": {
              "line": 6,
              "column": 2
            },
            "end": {
              "line": 8,
              "column": 3
            }
          },
          {
            "start": {},
            "end": {}
          }
        ],
        "line": 6
      },
      "2": {
        "loc": {
          "start": {
            "line": 30,
            "column": 0
          },
          "end": {
            "line": 46,
            "column": 1
          }
        },
        "type": "if",
        "locations": [
          {
            "start": {
              "line": 30,
              "column": 0
            },
            "end": {
              "line": 46,
              "column": 1
            }
          },
          {
            "start": {},
            "end": {}
          }
        ],
        "line": 30
      },
      "3": {
        "loc": {
          "start": {
            "line": 39,
            "column": 6
          },
          "end": {
            "line": 40,
            "column": 15
          }
        },
        "type": "if",
        "locations": [
          {
            "start": {
              "line": 39,
              "column": 6
            },
            "end": {
              "line": 40,
              "column": 15
            }
          },
          {
            "start": {},
            "end": {}
          }
        ],
        "line": 39
      },
      "4": {
        "loc": {
          "start": {
            "line": 42,
            "column": 6
          },
          "end": {
            "line": 43,
            "column": 54
          }
        },
        "type": "if",
        "locations": [
          {
            "start": {
              "line": 42,
              "column": 6
            },
            "end": {
              "line": 43,
              "column": 54
            }
          },
          {
            "start": {},
            "end": {}
          }
        ],
        "line": 42
      }
    },
    "s": {
      "0": 4,
      "1": 4,
      "2": 0,
      "3": 4,
      "4": 4,
      "5": 4,
      "6": 4,
      "7": 4,
      "8": 4,
      "9": 24,
      "10": 4,
      "11": 4,
      "12": 4,
      "13": 4,
      "14": 4,
      "15": 4,
      "16": 3,
      "17": 3,
      "18": 0,
      "19": 0,
      "20": 0,
      "21": 0,
      "22": 0
    },
    "f": {
      "0": 4,
      "1": 24,
      "2": 3,
      "3": 0
    },
    "b": {
      "0": [
        4,
        0
      ],
      "1": [
        0,
        4
      ],
      "2": [
        4,
        0
      ],
      "3": [
        0,
        0
      ],
      "4": [
        0,
        0
      ]
    },
    "inputSourceMap": {
      "version": 3,
      "mappings": "AAWI;AAXJ,OAAOA,oBAAkB;AAAe;AAAA;AAAA;AAAA;AAAA;AAAA;AAAA;AAAA;AAAA;AAAA;AAAA;AAAA;AAAA;AAExC,OAAOC,SAAS;AAOT,aAAMC,SAASA,CAAC;AAAA,EAAEC;AAAAA,EAAU,GAAGC;AAAoB,MAAM;AAC9D,SACE,uBAAC,YAAO,eAAY,cAAa,GAAIA,OAAO,WAAWH,IAAII,SACxDF,YADH;AAAA;AAAA;AAAA;AAAA,SAEA;AAEJ;AAAEG,KANWJ;AAAM;AAAAK",
      "names": [
        "React",
        "btn",
        "Button",
        "children",
        "props",
        "cardBtn",
        "_c",
        "$RefreshReg$"
      ],
      "sources": [
        "C:/React/React/src/component/UI/button/Button.tsx"
      ],
      "file": "C:/React/React/src/component/UI/button/Button.tsx"
    },
    "_coverageSchema": "1a1c01bbd47fc00a2c39e90264f33305004495a9",
    "hash": "f5b5369c085997800f5a7743d4974a1ab934d5ac"
  },
  "C:/React/React/src/component/util/gender.tsx": {
    "path": "C:/React/React/src/component/util/gender.tsx",
    "statementMap": {
      "0": {
        "start": {
          "line": 5,
          "column": 2
        },
        "end": {
          "line": 10,
          "column": 13
        }
      },
      "1": {
        "start": {
          "line": 6,
          "column": 4
        },
        "end": {
          "line": 10,
          "column": 13
        }
      },
      "2": {
        "start": {
          "line": 11,
          "column": 2
        },
        "end": {
          "line": 15,
          "column": 11
        }
      }
    },
    "fnMap": {
      "0": {
        "name": "genderImg",
        "decl": {
          "start": {
            "line": 4,
            "column": 16
          },
          "end": {
            "line": 4,
            "column": 25
          }
        },
        "loc": {
          "start": {
            "line": 4,
            "column": 31
          },
          "end": {
            "line": 16,
            "column": 1
          }
        },
        "line": 4
      }
    },
    "branchMap": {
      "0": {
        "loc": {
          "start": {
            "line": 5,
            "column": 2
          },
          "end": {
            "line": 10,
            "column": 13
          }
        },
        "type": "if",
        "locations": [
          {
            "start": {
              "line": 5,
              "column": 2
            },
            "end": {
              "line": 10,
              "column": 13
            }
          },
          {
            "start": {},
            "end": {}
          }
        ],
        "line": 5
      }
    },
    "s": {
      "0": 0,
      "1": 0,
      "2": 0
    },
    "f": {
      "0": 0
    },
    "b": {
      "0": [
        0,
        0
      ]
    },
    "inputSourceMap": {
      "version": 3,
      "mappings": "AAKwB;AAJxB,OAAOA,UAAU;AACjB,OAAOC,WAAW;AAEX,gBAASC,UAAUC,KAAa;AACrC,MAAIA,QAAQ;AAAG,WAAO,uBAAC,SAAI,KAAKH,MAAM,KAAM,SAAtB;AAAA;AAAA;AAAA;AAAA,WAA2B;AACjD,SAAO,uBAAC,SAAI,KAAKC,OAAO,KAAM,SAAvB;AAAA;AAAA;AAAA;AAAA,SAA4B;AACrC",
      "names": [
        "mail",
        "woman",
        "genderImg",
        "sex"
      ],
      "sources": [
        "C:/React/React/src/component/util/gender.tsx"
      ],
      "file": "C:/React/React/src/component/util/gender.tsx"
    },
    "_coverageSchema": "1a1c01bbd47fc00a2c39e90264f33305004495a9",
    "hash": "7aef153f3e7976160c4d3e65258906d22a0fa1f0"
  },
  "C:/React/React/src/store/hooksRedux.ts": {
    "path": "C:/React/React/src/store/hooksRedux.ts",
    "statementMap": {
      "0": {
        "start": {
          "line": 2,
          "column": 30
        },
        "end": {
          "line": 2,
          "column": 49
        }
      },
      "1": {
        "start": {
          "line": 2,
          "column": 36
        },
        "end": {
          "line": 2,
          "column": 49
        }
      },
      "2": {
        "start": {
          "line": 3,
          "column": 30
        },
        "end": {
          "line": 3,
          "column": 41
        }
      }
    },
    "fnMap": {
      "0": {
        "name": "(anonymous_0)",
        "decl": {
          "start": {
            "line": 2,
            "column": 30
          },
          "end": {
            "line": 2,
            "column": 31
          }
        },
        "loc": {
          "start": {
            "line": 2,
            "column": 36
          },
          "end": {
            "line": 2,
            "column": 49
          }
        },
        "line": 2
      }
    },
    "branchMap": {},
    "s": {
      "0": 4,
      "1": 36,
      "2": 4
    },
    "f": {
      "0": 36
    },
    "b": {},
    "inputSourceMap": {
      "version": 3,
      "sources": [
        "C:/React/React/src/store/hooksRedux.ts"
      ],
      "mappings": "AAAA,SAA+B,aAAa,mBAAmB;AAGxD,aAAM,iBAAiB,MAAM,YAAyB;AACtD,aAAM,iBAAkD;",
      "names": []
    },
    "_coverageSchema": "1a1c01bbd47fc00a2c39e90264f33305004495a9",
    "hash": "9c9c24bbae54ee9d82f0a5179a21816722d5e96a"
  },
  "C:/React/React/src/component/UI/card/Card.tsx": {
    "path": "C:/React/React/src/component/UI/card/Card.tsx",
    "statementMap": {
      "0": {
        "start": {
          "line": 5,
          "column": 0
        },
        "end": {
          "line": 15,
          "column": 1
        }
      },
      "1": {
        "start": {
          "line": 6,
          "column": 2
        },
        "end": {
          "line": 8,
          "column": 3
        }
      },
      "2": {
        "start": {
          "line": 7,
          "column": 4
        },
        "end": {
          "line": 7,
          "column": 165
        }
      },
      "3": {
        "start": {
          "line": 9,
          "column": 2
        },
        "end": {
          "line": 9,
          "column": 39
        }
      },
      "4": {
        "start": {
          "line": 10,
          "column": 2
        },
        "end": {
          "line": 10,
          "column": 39
        }
      },
      "5": {
        "start": {
          "line": 11,
          "column": 2
        },
        "end": {
          "line": 13,
          "column": 4
        }
      },
      "6": {
        "start": {
          "line": 12,
          "column": 4
        },
        "end": {
          "line": 12,
          "column": 89
        }
      },
      "7": {
        "start": {
          "line": 14,
          "column": 2
        },
        "end": {
          "line": 14,
          "column": 75
        }
      },
      "8": {
        "start": {
          "line": 16,
          "column": 9
        },
        "end": {
          "line": 16,
          "column": 23
        }
      },
      "9": {
        "start": {
          "line": 23,
          "column": 20
        },
        "end": {
          "line": 97,
          "column": 1
        }
      },
      "10": {
        "start": {
          "line": 24,
          "column": 2
        },
        "end": {
          "line": 24,
          "column": 7
        }
      },
      "11": {
        "start": {
          "line": 25,
          "column": 19
        },
        "end": {
          "line": 25,
          "column": 35
        }
      },
      "12": {
        "start": {
          "line": 26,
          "column": 26
        },
        "end": {
          "line": 29,
          "column": 3
        }
      },
      "13": {
        "start": {
          "line": 27,
          "column": 4
        },
        "end": {
          "line": 27,
          "column": 33
        }
      },
      "14": {
        "start": {
          "line": 28,
          "column": 4
        },
        "end": {
          "line": 28,
          "column": 27
        }
      },
      "15": {
        "start": {
          "line": 30,
          "column": 13
        },
        "end": {
          "line": 30,
          "column": 15
        }
      },
      "16": {
        "start": {
          "line": 31,
          "column": 20
        },
        "end": {
          "line": 31,
          "column": 25
        }
      },
      "17": {
        "start": {
          "line": 32,
          "column": 2
        },
        "end": {
          "line": 38,
          "column": 3
        }
      },
      "18": {
        "start": {
          "line": 33,
          "column": 4
        },
        "end": {
          "line": 33,
          "column": 29
        }
      },
      "19": {
        "start": {
          "line": 34,
          "column": 4
        },
        "end": {
          "line": 34,
          "column": 24
        }
      },
      "20": {
        "start": {
          "line": 36,
          "column": 4
        },
        "end": {
          "line": 36,
          "column": 14
        }
      },
      "21": {
        "start": {
          "line": 37,
          "column": 4
        },
        "end": {
          "line": 37,
          "column": 23
        }
      },
      "22": {
        "start": {
          "line": 39,
          "column": 2
        },
        "end": {
          "line": 96,
          "column": 11
        }
      },
      "23": {
        "start": {
          "line": 87,
          "column": 68
        },
        "end": {
          "line": 87,
          "column": 93
        }
      },
      "24": {
        "start": {
          "line": 98,
          "column": 0
        },
        "end": {
          "line": 100,
          "column": 3
        }
      },
      "25": {
        "start": {
          "line": 99,
          "column": 2
        },
        "end": {
          "line": 99,
          "column": 26
        }
      },
      "26": {
        "start": {
          "line": 101,
          "column": 0
        },
        "end": {
          "line": 101,
          "column": 10
        }
      },
      "27": {
        "start": {
          "line": 103,
          "column": 0
        },
        "end": {
          "line": 103,
          "column": 25
        }
      },
      "28": {
        "start": {
          "line": 104,
          "column": 0
        },
        "end": {
          "line": 120,
          "column": 1
        }
      },
      "29": {
        "start": {
          "line": 105,
          "column": 2
        },
        "end": {
          "line": 105,
          "column": 39
        }
      },
      "30": {
        "start": {
          "line": 106,
          "column": 2
        },
        "end": {
          "line": 106,
          "column": 39
        }
      },
      "31": {
        "start": {
          "line": 107,
          "column": 2
        },
        "end": {
          "line": 119,
          "column": 5
        }
      },
      "32": {
        "start": {
          "line": 111,
          "column": 4
        },
        "end": {
          "line": 111,
          "column": 115
        }
      },
      "33": {
        "start": {
          "line": 112,
          "column": 4
        },
        "end": {
          "line": 118,
          "column": 7
        }
      },
      "34": {
        "start": {
          "line": 113,
          "column": 6
        },
        "end": {
          "line": 114,
          "column": 15
        }
      },
      "35": {
        "start": {
          "line": 114,
          "column": 8
        },
        "end": {
          "line": 114,
          "column": 15
        }
      },
      "36": {
        "start": {
          "line": 115,
          "column": 32
        },
        "end": {
          "line": 115,
          "column": 115
        }
      },
      "37": {
        "start": {
          "line": 116,
          "column": 6
        },
        "end": {
          "line": 117,
          "column": 54
        }
      },
      "38": {
        "start": {
          "line": 117,
          "column": 8
        },
        "end": {
          "line": 117,
          "column": 54
        }
      }
    },
    "fnMap": {
      "0": {
        "name": "(anonymous_0)",
        "decl": {
          "start": {
            "line": 11,
            "column": 24
          },
          "end": {
            "line": 11,
            "column": 25
          }
        },
        "loc": {
          "start": {
            "line": 11,
            "column": 38
          },
          "end": {
            "line": 13,
            "column": 3
          }
        },
        "line": 11
      },
      "1": {
        "name": "(anonymous_1)",
        "decl": {
          "start": {
            "line": 23,
            "column": 20
          },
          "end": {
            "line": 23,
            "column": 21
          }
        },
        "loc": {
          "start": {
            "line": 23,
            "column": 31
          },
          "end": {
            "line": 97,
            "column": 1
          }
        },
        "line": 23
      },
      "2": {
        "name": "(anonymous_2)",
        "decl": {
          "start": {
            "line": 26,
            "column": 26
          },
          "end": {
            "line": 26,
            "column": 27
          }
        },
        "loc": {
          "start": {
            "line": 26,
            "column": 35
          },
          "end": {
            "line": 29,
            "column": 3
          }
        },
        "line": 26
      },
      "3": {
        "name": "(anonymous_3)",
        "decl": {
          "start": {
            "line": 87,
            "column": 62
          },
          "end": {
            "line": 87,
            "column": 63
          }
        },
        "loc": {
          "start": {
            "line": 87,
            "column": 68
          },
          "end": {
            "line": 87,
            "column": 93
          }
        },
        "line": 87
      },
      "4": {
        "name": "(anonymous_4)",
        "decl": {
          "start": {
            "line": 98,
            "column": 48
          },
          "end": {
            "line": 98,
            "column": 49
          }
        },
        "loc": {
          "start": {
            "line": 98,
            "column": 59
          },
          "end": {
            "line": 100,
            "column": 1
          }
        },
        "line": 98
      },
      "5": {
        "name": "(anonymous_5)",
        "decl": {
          "start": {
            "line": 110,
            "column": 9
          },
          "end": {
            "line": 110,
            "column": 10
          }
        },
        "loc": {
          "start": {
            "line": 110,
            "column": 29
          },
          "end": {
            "line": 119,
            "column": 3
          }
        },
        "line": 110
      },
      "6": {
        "name": "(anonymous_6)",
        "decl": {
          "start": {
            "line": 112,
            "column": 27
          },
          "end": {
            "line": 112,
            "column": 28
          }
        },
        "loc": {
          "start": {
            "line": 112,
            "column": 44
          },
          "end": {
            "line": 118,
            "column": 5
          }
        },
        "line": 112
      }
    },
    "branchMap": {
      "0": {
        "loc": {
          "start": {
            "line": 5,
            "column": 0
          },
          "end": {
            "line": 15,
            "column": 1
          }
        },
        "type": "if",
        "locations": [
          {
            "start": {
              "line": 5,
              "column": 0
            },
            "end": {
              "line": 15,
              "column": 1
            }
          },
          {
            "start": {},
            "end": {}
          }
        ],
        "line": 5
      },
      "1": {
        "loc": {
          "start": {
            "line": 6,
            "column": 2
          },
          "end": {
            "line": 8,
            "column": 3
          }
        },
        "type": "if",
        "locations": [
          {
            "start": {
              "line": 6,
              "column": 2
            },
            "end": {
              "line": 8,
              "column": 3
            }
          },
          {
            "start": {},
            "end": {}
          }
        ],
        "line": 6
      },
      "2": {
        "loc": {
          "start": {
            "line": 32,
            "column": 2
          },
          "end": {
            "line": 38,
            "column": 3
          }
        },
        "type": "if",
        "locations": [
          {
            "start": {
              "line": 32,
              "column": 2
            },
            "end": {
              "line": 38,
              "column": 3
            }
          },
          {
            "start": {
              "line": 35,
              "column": 9
            },
            "end": {
              "line": 38,
              "column": 3
            }
          }
        ],
        "line": 32
      },
      "3": {
        "loc": {
          "start": {
            "line": 50,
            "column": 6
          },
          "end": {
            "line": 58,
            "column": 14
          }
        },
        "type": "binary-expr",
        "locations": [
          {
            "start": {
              "line": 50,
              "column": 6
            },
            "end": {
              "line": 50,
              "column": 17
            }
          },
          {
            "start": {
              "line": 50,
              "column": 37
            },
            "end": {
              "line": 58,
              "column": 14
            }
          }
        ],
        "line": 50
      },
      "4": {
        "loc": {
          "start": {
            "line": 69,
            "column": 6
          },
          "end": {
            "line": 73,
            "column": 14
          }
        },
        "type": "binary-expr",
        "locations": [
          {
            "start": {
              "line": 69,
              "column": 6
            },
            "end": {
              "line": 69,
              "column": 17
            }
          },
          {
            "start": {
              "line": 69,
              "column": 37
            },
            "end": {
              "line": 73,
              "column": 14
            }
          }
        ],
        "line": 69
      },
      "5": {
        "loc": {
          "start": {
            "line": 87,
            "column": 4
          },
          "end": {
            "line": 91,
            "column": 12
          }
        },
        "type": "binary-expr",
        "locations": [
          {
            "start": {
              "line": 87,
              "column": 4
            },
            "end": {
              "line": 87,
              "column": 16
            }
          },
          {
            "start": {
              "line": 87,
              "column": 36
            },
            "end": {
              "line": 91,
              "column": 12
            }
          }
        ],
        "line": 87
      },
      "6": {
        "loc": {
          "start": {
            "line": 104,
            "column": 0
          },
          "end": {
            "line": 120,
            "column": 1
          }
        },
        "type": "if",
        "locations": [
          {
            "start": {
              "line": 104,
              "column": 0
            },
            "end": {
              "line": 120,
              "column": 1
            }
          },
          {
            "start": {},
            "end": {}
          }
        ],
        "line": 104
      },
      "7": {
        "loc": {
          "start": {
            "line": 113,
            "column": 6
          },
          "end": {
            "line": 114,
            "column": 15
          }
        },
        "type": "if",
        "locations": [
          {
            "start": {
              "line": 113,
              "column": 6
            },
            "end": {
              "line": 114,
              "column": 15
            }
          },
          {
            "start": {},
            "end": {}
          }
        ],
        "line": 113
      },
      "8": {
        "loc": {
          "start": {
            "line": 116,
            "column": 6
          },
          "end": {
            "line": 117,
            "column": 54
          }
        },
        "type": "if",
        "locations": [
          {
            "start": {
              "line": 116,
              "column": 6
            },
            "end": {
              "line": 117,
              "column": 54
            }
          },
          {
            "start": {},
            "end": {}
          }
        ],
        "line": 116
      }
    },
    "s": {
      "0": 4,
      "1": 4,
      "2": 0,
      "3": 4,
      "4": 4,
      "5": 4,
      "6": 4,
      "7": 4,
      "8": 4,
      "9": 4,
      "10": 0,
      "11": 0,
      "12": 0,
      "13": 0,
      "14": 0,
      "15": 0,
      "16": 0,
      "17": 0,
      "18": 0,
      "19": 0,
      "20": 0,
      "21": 0,
      "22": 0,
      "23": 0,
      "24": 4,
      "25": 0,
      "26": 4,
      "27": 4,
      "28": 4,
      "29": 4,
      "30": 4,
      "31": 4,
      "32": 3,
      "33": 3,
      "34": 0,
      "35": 0,
      "36": 0,
      "37": 0,
      "38": 0
    },
    "f": {
      "0": 4,
      "1": 0,
      "2": 0,
      "3": 0,
      "4": 0,
      "5": 3,
      "6": 0
    },
    "b": {
      "0": [
        4,
        0
      ],
      "1": [
        0,
        4
      ],
      "2": [
        0,
        0
      ],
      "3": [
        0,
        0
      ],
      "4": [
        0,
        0
      ],
      "5": [
        0,
        0
      ],
      "6": [
        4,
        0
      ],
      "7": [
        0,
        0
      ],
      "8": [
        0,
        0
      ]
    },
    "inputSourceMap": {
      "version": 3,
      "mappings": "AA+BQ;;;;;;;;;;;;;;;;AA7BR,SAASA,cAAc;AACvB,OAAOC,YAAY;AAEnB,SAASC,mBAAmB;AAC5B,SAASC,iBAAiB;AAC1B,SAASC,sBAAsB;AAC/B,SAASC,eAAeC,kBAAkB;AAEnC,aAAMC,OAAOA,CAACC,UAAyB;AAAAC;AAC5C,QAAMC,WAAWN,eAAc;AAE/B,QAAMO,kBAAkBA,CAACC,QAAgB;AACvCF,aAASL,cAAcO,GAAG,CAAC;AAC3BF,aAASJ,WAAU,CAAE;AAAA,EACvB;AAEA,MAAIO,OAAO;AACX,MAAIC,cAAc;AAClB,MAAIC,SAASC,aAAa,KAAK;AAC7BH,WAAOX,cAAc;AACrBY,kBAAc;AAAA,EAChB,OAAO;AACLD,WAAO;AACPC,kBAAc;AAAA,EAChB;AAEA,SACE,uBAAC,SAAqB,eAAY,QAAO,WAAWb,OAAOgB,aACzD;AAAA,2BAAC,SAAI,WAAWhB,OAAOiB,cACrB,iCAAC,SACC,KAAM,GAAEL,OAAOL,MAAMW,SACrB,OAAOX,MAAMY,aACb,KAAM,mBAAkBZ,MAAMa,QAHhC;AAAA;AAAA;AAAA;AAAA,WAGqC,KAJvC;AAAA;AAAA;AAAA;AAAA,WAMA;AAAA,IACA,uBAAC,SAAI,WAAWpB,OAAOqB,YACpBR;AAAAA,qBACC,uBAAC,SAAI,WAAWb,OAAOsB,WACpBf;AAAAA,cAAMgB;AAAAA,QAAI;AAAA,QAAUrB,UAAUsB,OAAOjB,MAAMkB,GAAG,CAAC;AAAA,WADlD;AAAA;AAAA;AAAA;AAAA,aAEA;AAAA,MAEF,uBAAC,QAAG,WAAWzB,OAAO0B,YAAanB,gBAAMa,QAAzC;AAAA;AAAA;AAAA;AAAA,aAA8C;AAAA,MAC9C,uBAAC,SAAI,WAAWpB,OAAO2B,aAAcpB,gBAAMqB,SAA3C;AAAA;AAAA;AAAA;AAAA,aAAiD;AAAA,MAChDf,eAAe,uBAAC,SAAI,WAAWb,OAAO6B,eAAgBtB,gBAAMuB,YAA7C;AAAA;AAAA;AAAA;AAAA,aAAsD;AAAA,MACtE,uBAAC,SAAI,WAAW9B,OAAO+B,aAAcxB;AAAAA,cAAMyB;AAAAA,QAAM;AAAA,WAAjD;AAAA;AAAA;AAAA;AAAA,aAAmD;AAAA,SATrD;AAAA;AAAA;AAAA;AAAA,WAUA;AAAA,IACC,CAACnB,eACA,uBAAC,UAAsB,SAAS,MAAMH,gBAAgBH,MAAM0B,EAAE,GAC3D,2BADU1B,MAAM0B,IAAnB;AAAA;AAAA;AAAA;AAAA,WAEA;AAAA,OAtBM1B,MAAMa,MAAhB;AAAA;AAAA;AAAA;AAAA,SAwBA;AAEJ;AAAEZ,GA7CWF,MAAI;AAAA,UACEH,cAAc;AAAA;AAAA+B,KADpB5B;AAAI;AAAA6B",
      "names": [
        "Button",
        "stCard",
        "SERVER_LINK",
        "genderImg",
        "useAppDispatch",
        "clickModalOne",
        "fetchModal",
        "Card",
        "props",
        "_s",
        "dispatch",
        "handleShowModal",
        "key",
        "path",
        "isShowField",
        "location",
        "pathname",
        "cards__card",
        "card__images",
        "image",
        "description",
        "name",
        "card__text",
        "card__age",
        "age",
        "Number",
        "sex",
        "card__name",
        "card__breed",
        "breed",
        "card__cattery",
        "catterys",
        "card__price",
        "price",
        "id",
        "_c",
        "$RefreshReg$"
      ],
      "sources": [
        "C:/React/React/src/component/UI/card/Card.tsx"
      ],
      "file": "C:/React/React/src/component/UI/card/Card.tsx"
    },
    "_coverageSchema": "1a1c01bbd47fc00a2c39e90264f33305004495a9",
    "hash": "62a2a38aa482c60feafed133a6b1d29c1544da0b"
  },
  "C:/React/React/src/component/UI/Modal/Modal.tsx": {
    "path": "C:/React/React/src/component/UI/Modal/Modal.tsx",
    "statementMap": {
      "0": {
        "start": {
          "line": 5,
          "column": 0
        },
        "end": {
          "line": 15,
          "column": 1
        }
      },
      "1": {
        "start": {
          "line": 6,
          "column": 2
        },
        "end": {
          "line": 8,
          "column": 3
        }
      },
      "2": {
        "start": {
          "line": 7,
          "column": 4
        },
        "end": {
          "line": 7,
          "column": 165
        }
      },
      "3": {
        "start": {
          "line": 9,
          "column": 2
        },
        "end": {
          "line": 9,
          "column": 39
        }
      },
      "4": {
        "start": {
          "line": 10,
          "column": 2
        },
        "end": {
          "line": 10,
          "column": 39
        }
      },
      "5": {
        "start": {
          "line": 11,
          "column": 2
        },
        "end": {
          "line": 13,
          "column": 4
        }
      },
      "6": {
        "start": {
          "line": 12,
          "column": 4
        },
        "end": {
          "line": 12,
          "column": 91
        }
      },
      "7": {
        "start": {
          "line": 14,
          "column": 2
        },
        "end": {
          "line": 14,
          "column": 75
        }
      },
      "8": {
        "start": {
          "line": 16,
          "column": 9
        },
        "end": {
          "line": 16,
          "column": 23
        }
      },
      "9": {
        "start": {
          "line": 22,
          "column": 21
        },
        "end": {
          "line": 111,
          "column": 1
        }
      },
      "10": {
        "start": {
          "line": 25,
          "column": 2
        },
        "end": {
          "line": 25,
          "column": 7
        }
      },
      "11": {
        "start": {
          "line": 26,
          "column": 19
        },
        "end": {
          "line": 26,
          "column": 35
        }
      },
      "12": {
        "start": {
          "line": 27,
          "column": 18
        },
        "end": {
          "line": 29,
          "column": 3
        }
      },
      "13": {
        "start": {
          "line": 28,
          "column": 4
        },
        "end": {
          "line": 28,
          "column": 30
        }
      },
      "14": {
        "start": {
          "line": 30,
          "column": 2
        },
        "end": {
          "line": 110,
          "column": 11
[...]
        }
      },
      "16": {
        "start": {
          "line": 75,
          "column": 4
        },
        "end": {
          "line": 75,
          "column": 109
        }
      },
      "17": {
        "start": {
          "line": 76,
          "column": 4
        },
        "end": {
          "line": 82,
          "column": 7
        }
      },
      "18": {
        "start": {
          "line": 77,
          "column": 6
        },
        "end": {
          "line": 78,
          "column": 15
        }
      },
      "19": {
        "start": {
          "line": 78,
          "column": 8
        },
        "end": {
          "line": 78,
          "column": 15
        }
      },
      "20": {
        "start": {
          "line": 79,
          "column": 32
        },
        "end": {
          "line": 79,
          "column": 115
        }
      },
      "21": {
        "start": {
          "line": 80,
          "column": 6
        },
        "end": {
          "line": 81,
          "column": 54
        }
      },
      "22": {
        "start": {
          "line": 81,
          "column": 8
        },
        "end": {
          "line": 81,
          "column": 54
        }
      }
    },
    "fnMap": {
      "0": {
        "name": "(anonymous_0)",
        "decl": {
          "start": {
            "line": 11,
            "column": 24
          },
          "end": {
            "line": 11,
            "column": 25
          }
        },
        "loc": {
          "start": {
            "line": 11,
            "column": 38
          },
          "end": {
            "line": 13,
            "column": 3
          }
        },
        "line": 11
      },
      "1": {
        "name": "(anonymous_1)",
        "decl": {
          "start": {
            "line": 18,
            "column": 22
          },
          "end": {
            "line": 18,
            "column": 23
          }
        },
        "loc": {
          "start": {
            "line": 18,
            "column": 28
          },
          "end": {
            "line": 64,
            "column": 1
          }
        },
        "line": 18
      },
      "2": {
        "name": "(anonymous_2)",
        "decl": {
          "start": {
            "line": 74,
            "column": 9
          },
          "end": {
            "line": 74,
            "column": 10
          }
        },
        "loc": {
          "start": {
            "line": 74,
            "column": 29
          },
          "end": {
            "line": 83,
            "column": 3
          }
        },
        "line": 74
      },
      "3": {
        "name": "(anonymous_3)",
        "decl": {
          "start": {
            "line": 76,
            "column": 27
          },
          "end": {
            "line": 76,
            "column": 28
          }
        },
        "loc": {
          "start": {
            "line": 76,
            "column": 44
          },
          "end": {
            "line": 82,
            "column": 5
          }
        },
        "line": 76
      }
    },
    "branchMap": {
      "0": {
        "loc": {
          "start": {
            "line": 5,
            "column": 0
          },
          "end": {
            "line": 15,
            "column": 1
          }
        },
        "type": "if",
        "locations": [
          {
            "start": {
              "line": 5,
              "column": 0
            },
            "end": {
              "line": 15,
              "column": 1
            }
          },
          {
            "start": {},
            "end": {}
          }
        ],
        "line": 5
      },
      "1": {
        "loc": {
          "start": {
            "line": 6,
            "column": 2
          },
          "end": {
            "line": 8,
            "column": 3
          }
        },
        "type": "if",
        "locations": [
          {
            "start": {
              "line": 6,
              "column": 2
            },
            "end": {
              "line": 8,
              "column": 3
            }
          },
          {
            "start": {},
            "end": {}
          }
        ],
        "line": 6
      },
      "2": {
        "loc": {
          "start": {
            "line": 68,
            "column": 0
          },
          "end": {
            "line": 84,
            "column": 1
          }
        },
        "type": "if",
        "locations": [
          {
            "start": {
              "line": 68,
              "column": 0
            },
            "end": {
              "line": 84,
              "column": 1
            }
          },
          {
            "start": {},
            "end": {}
          }
        ],
        "line": 68
      },
      "3": {
        "loc": {
          "start": {
            "line": 77,
            "column": 6
          },
          "end": {
            "line": 78,
            "column": 15
          }
        },
        "type": "if",
        "locations": [
          {
            "start": {
              "line": 77,
              "column": 6
            },
            "end": {
              "line": 78,
              "column": 15
            }
          },
          {
            "start": {},
            "end": {}
          }
        ],
        "line": 77
      },
      "4": {
        "loc": {
          "start": {
            "line": 80,
            "column": 6
          },
          "end": {
            "line": 81,
            "column": 54
          }
        },
        "type": "if",
        "locations": [
          {
            "start": {
              "line": 80,
              "column": 6
            },
            "end": {
              "line": 81,
              "column": 54
            }
          },
          {
            "start": {},
            "end": {}
          }
        ],
        "line": 80
      }
    },
    "s": {
      "0": 4,
      "1": 4,
      "2": 0,
      "3": 4,
      "4": 4,
      "5": 4,
      "6": 4,
      "7": 4,
      "8": 4,
      "9": 8,
      "10": 4,
      "11": 4,
      "12": 4,
      "13": 4,
      "14": 4,
      "15": 4,
      "16": 3,
      "17": 3,
      "18": 0,
      "19": 0,
      "20": 0,
      "21": 0,
      "22": 0
    },
    "f": {
      "0": 4,
      "1": 8,
      "2": 3,
      "3": 0
    },
    "b": {
      "0": [
        4,
        0
      ],
      "1": [
        0,
        4
      ],
      "2": [
        4,
        0
      ],
      "3": [
        0,
        0
      ],
      "4": [
        0,
        0
      ]
    },
    "inputSourceMap": {
      "version": 3,
      "mappings": "AAWc;AAXd,OAAOA,oBAAkB;AAAA;AAAA;AAAA;AAAA;AAAA;AAAA;AAAA;AAAA;AAAA;AAAA;AAAA;AAAA;AAAA;AACzB,OAAOC,YAAY;AACnB,OAAOC,cAAc;AAEd,aAAMC,SAASA,MAAM;AAC1B,SACE,uBAAC,SAAI,WAAU,UACb,iCAAC,SAAI,WAAU,qBACb,iCAAC,SAAI,WAAU,iBACb;AAAA,2BAAC,SAAI,WAAU,gBACb,iCAAC,OAAE,MAAK,gCAA+B,QAAO,UAAS,KAAI,cACzD,iCAAC,SAAI,KAAKF,QAAQ,KAAI,YAAtB;AAAA;AAAA;AAAA;AAAA,WAA8B,KADhC;AAAA;AAAA;AAAA;AAAA,WAEA,KAHF;AAAA;AAAA;AAAA;AAAA,WAIA;AAAA,IACA,uBAAC,SAAI,WAAU,gBAAe,qDAA9B;AAAA;AAAA;AAAA;AAAA,WAAmE;AAAA,IACnE,uBAAC,SAAI,WAAU,gBACb,iCAAC,OAAE,MAAK,4BAA2B,QAAO,UAAS,KAAI,cACrD,iCAAC,SAAI,KAAKC,UAAU,WAAU,YAAW,KAAI,cAA7C;AAAA;AAAA;AAAA;AAAA,WAAuD,KADzD;AAAA;AAAA;AAAA;AAAA,WAEA,KAHF;AAAA;AAAA;AAAA;AAAA,WAIA;AAAA,OAXF;AAAA;AAAA;AAAA;AAAA,SAYA,KAbF;AAAA;AAAA;AAAA;AAAA,SAcA,KAfF;AAAA;AAAA;AAAA;AAAA,SAgBA;AAEJ;AAAEE,KApBWD;AAAM;AAAAE",
      "names": [
        "React",
        "github",
        "rsschool",
        "Footer",
        "_c",
        "$RefreshReg$"
      ],
      "sources": [
        "C:/React/React/src/component/Footer.tsx"
      ],
      "file": "C:/React/React/src/component/Footer.tsx"
    },
    "_coverageSchema": "1a1c01bbd47fc00a2c39e90264f33305004495a9",
    "hash": "08819206e4caafbbc4427a8199254e0f006fb04e"
  },
  "C:/React/React/src/App.tsx": {
    "path": "C:/React/React/src/App.tsx",
    "statementMap": {
      "0": {
        "start": {
          "line": 5,
          "column": 0
        },
        "end": {
          "line": 15,
          "column": 1
        }
      },
      "1": {
        "start": {
          "line": 6,
          "column": 2
        },
        "end": {
          "line": 8,
          "column": 3
        }
      },
      "2": {
        "start": {
          "line": 7,
          "column": 4
        },
        "end": {
          "line": 7,
          "column": 165
        }
      },
      "3": {
        "start": {
          "line": 9,
          "column": 2
        },
        "end": {
          "line": 9,
          "column": 39
        }
      },
      "4": {
        "start": {
          "line": 10,
          "column": 2
        },
        "end": {
          "line": 10,
          "column": 39
        }
      },
      "5": {
        "start": {
          "line": 11,
          "column": 2
        },
        "end": {
          "line": 13,
          "column": 4
        }
      },
      "6": {
        "start": {
          "line": 12,
          "column": 4
        },
        "end": {
          "line": 12,
          "column": 70
        }
      },
      "7": {
        "start": {
          "line": 14,
          "column": 2
        },
        "end": {
          "line": 14,
          "column": 75
        }
      },
      "8": {
        "start": {
          "line": 23,
          "column": 12
        },
        "end": {
          "line": 95,
          "column": 1
        }
      },
      "9": {
        "start": {
          "line": 24,
          "column": 2
        },
        "end": {
          "line": 94,
          "column": 11
        }
      },
      "10": {
        "start": {
          "line": 96,
          "column": 0
        },
        "end": {
          "line": 96,
          "column": 9
        }
      },
      "11": {
        "start": {
          "line": 99,
          "column": 0
        },
        "end": {
          "line": 99,
          "column": 24
        }
      },
      "12": {
        "start": {
          "line": 100,
          "column": 0
        },
        "end": {
          "line": 116,
          "column": 1
        }
      },
      "13": {
        "start": {
          "line": 101,
          "column": 2
        },
        "end": {
          "line": 101,
          "column": 39
        }
      },
      "14": {
        "start": {
          "line": 102,
          "column": 2
        },
        "end": {
          "line": 102,
          "column": 39
        }
      },
      "15": {
        "start": {
          "line": 103,
          "column": 2
        },
        "end": {
          "line": 115,
          "column": 5
        }
      },
      "16": {
        "start": {
          "line": 107,
          "column": 4
        },
        "end": {
          "line": 107,
          "column": 96
        }
      },
      "17": {
        "start": {
          "line": 108,
          "column": 4
        },
        "end": {
          "line": 114,
          "column": 7
        }
      },
      "18": {
        "start": {
          "line": 109,
          "column": 6
        },
        "end": {
          "line": 110,
          "column": 15
        }
      },
      "19": {
        "start": {
          "line": 110,
          "column": 8
        },
        "end": {
          "line": 110,
          "column": 15
        }
      },
      "20": {
        "start": {
          "line": 111,
          "column": 32
        },
        "end": {
          "line": 111,
          "column": 115
        }
      },
      "21": {
        "start": {
          "line": 112,
          "column": 6
        },
        "end": {
          "line": 113,
          "column": 54
        }
      },
      "22": {
        "start": {
          "line": 113,
          "column": 8
        },
        "end": {
          "line": 113,
          "column": 54
        }
      }
    },
    "fnMap": {
      "0": {
        "name": "(anonymous_0)",
        "decl": {
          "start": {
            "line": 11,
            "column": 24
          },
          "end": {
            "line": 11,
            "column": 25
          }
        },
        "loc": {
          "start": {
            "line": 11,
            "column": 38
          },
          "end": {
            "line": 13,
            "column": 3
          }
        },
        "line": 11
      },
      "1": {
        "name": "(anonymous_1)",
        "decl": {
          "start": {
            "line": 23,
            "column": 12
          },
          "end": {
            "line": 23,
            "column": 13
          }
        },
        "loc": {
          "start": {
            "line": 23,
            "column": 18
          },
          "end": {
            "line": 95,
            "column": 1
          }
        },
        "line": 23
      },
      "2": {
        "name": "(anonymous_2)",
        "decl": {
          "start": {
            "line": 106,
            "column": 9
          },
          "end": {
            "line": 106,
            "column": 10
          }
        },
        "loc": {
          "start": {
            "line": 106,
            "column": 29
          },
          "end": {
            "line": 115,
            "column": 3
          }
        },
        "line": 106
      },
      "3": {
        "name": "(anonymous_3)",
        "decl": {
          "start": {
            "line": 108,
            "column": 27
          },
          "end": {
            "line": 108,
            "column": 28
          }
        },
        "loc": {
          "start": {
            "line": 108,
            "column": 44
          },
          "end": {
            "line": 114,
            "column": 5
          }
        },
        "line": 108
      }
    },
    "branchMap": {
      "0": {
        "loc": {
          "start": {
            "line": 5,
            "column": 0
          },
          "end": {
            "line": 15,
            "column": 1
          }
        },
        "type": "if",
        "locations": [
          {
            "start": {
              "line": 5,
              "column": 0
            },
            "end": {
              "line": 15,
              "column": 1
            }
          },
          {
            "start": {},
            "end": {}
          }
        ],
        "line": 5
      },
      "1": {
        "loc": {
          "start": {
            "line": 6,
            "column": 2
          },
          "end": {
            "line": 8,
            "column": 3
          }
        },
        "type": "if",
        "locations": [
          {
            "start": {
              "line": 6,
              "column": 2
            },
            "end": {
              "line": 8,
              "column": 3
            }
          },
          {
            "start": {},
            "end": {}
          }
        ],
        "line": 6
      },
      "2": {
        "loc": {
          "start": {
            "line": 100,
            "column": 0
          },
          "end": {
            "line": 116,
            "column": 1
          }
        },
        "type": "if",
        "locations": [
          {
            "start": {
              "line": 100,
              "column": 0
            },
            "end": {
              "line": 116,
              "column": 1
            }
          },
          {
            "start": {},
            "end": {}
          }
        ],
        "line": 100
      },
      "3": {
        "loc": {
          "start": {
            "line": 109,
            "column": 6
          },
          "end": {
            "line": 110,
            "column": 15
          }
        },
        "type": "if",
        "locations": [
          {
            "start": {
              "line": 109,
              "column": 6
            },
            "end": {
              "line": 110,
              "column": 15
            }
          },
          {
            "start": {},
            "end": {}
          }
        ],
        "line": 109
      },
      "4": {
        "loc": {
          "start": {
            "line": 112,
            "column": 6
          },
          "end": {
            "line": 113,
            "column": 54
          }
        },
        "type": "if",
        "locations": [
          {
            "start": {
              "line": 112,
              "column": 6
            },
            "end": {
              "line": 113,
              "column": 54
            }
          },
          {
            "start": {},
            "end": {}
          }
        ],
        "line": 112
      }
    },
    "s": {
      "0": 4,
      "1": 4,
      "2": 0,
      "3": 4,
      "4": 4,
      "5": 4,
      "6": 4,
      "7": 4,
      "8": 4,
      "9": 8,
      "10": 4,
      "11": 4,
      "12": 4,
      "13": 4,
      "14": 4,
      "15": 4,
      "16": 3,
      "17": 3,
      "18": 0,
      "19": 0,
      "20": 0,
      "21": 0,
      "22": 0
    },
    "f": {
      "0": 4,
      "1": 8,
      "2": 3,
      "3": 0
    },
    "b": {
      "0": [
        4,
        0
      ],
      "1": [
        0,
        4
      ],
      "2": [
        4,
        0
      ],
      "3": [
        0,
        0
      ],
      "4": [
        0,
        0
      ]
    },
    "inputSourceMap": {
      "version": 3,
      "mappings": "AAaM;AAbN,OAAOA,oBAAkB;AAAA;AAAA;AAAA;AAAA;AAAA;AAAA;AAAA;AAAA;AAAA;AAAA;AAAA;AAAA;AAAA;AACzB,SAASC,QAAQC,OAAOC,gBAAgB;AAExC,SAASC,YAAY;AACrB,SAASC,eAAe;AACxB,SAASC,aAAa;AACtB,SAASC,aAAa;AACtB,SAASC,cAAc;AACvB,SAASC,cAAc;AAEvB,MAAMC,MAAMA,MAAM;AAChB,SACE,uBAAC,SAAI,WAAU,WACb;AAAA,2BAAC,YAAD;AAAA;AAAA;AAAA;AAAA,WAAO;AAAA,IACP,uBAAC,UAAK,WAAU,QACd,iCAAC,UACC;AAAA,6BAAC,SAAM,MAAK,KAAI,SAAS,uBAAC,UAAD;AAAA;AAAA;AAAA;AAAA,aAAK,KAA9B;AAAA;AAAA;AAAA;AAAA,aAAkC;AAAA,MAClC,uBAAC,SAAM,MAAK,UAAS,SAAS,uBAAC,WAAD;AAAA;AAAA;AAAA;AAAA,aAAM,KAApC;AAAA;AAAA;AAAA;AAAA,aAAwC;AAAA,MACxC,uBAAC,SAAM,MAAK,UAAS,SAAS,uBAAC,WAAD;AAAA;AAAA;AAAA;AAAA,aAAM,KAApC;AAAA;AAAA;AAAA;AAAA,aAAwC;AAAA,MACxC,uBAAC,SAAM,MAAK,QAAO,SAAS,uBAAC,aAAD;AAAA;AAAA;AAAA;AAAA,aAAQ,KAApC;AAAA;AAAA;AAAA;AAAA,aAAwC;AAAA,MACxC,uBAAC,SAAM,MAAK,KAAI,SAAS,uBAAC,YAAS,IAAG,QAAO,SAAO,QAA3B;AAAA;AAAA;AAAA;AAAA,aAA2B,KAApD;AAAA;AAAA;AAAA;AAAA,aAAwD;AAAA,SAL1D;AAAA;AAAA;AAAA;AAAA,WAMA,KAPF;AAAA;AAAA;AAAA;AAAA,WAQA;AAAA,IACA,uBAAC,YAAD;AAAA;AAAA;AAAA;AAAA,WAAO;AAAA,OAXT;AAAA;AAAA;AAAA;AAAA,SAYA;AAEJ;AAAEC,KAhBID;AAkBN,eAAeA;AAAI;AAAAE",
      "names": [
        "React",
        "Routes",
        "Route",
        "Navigate",
        "Main",
        "Page404",
        "About",
        "Forms",
        "Header",
        "Footer",
        "App",
        "_c",
        "$RefreshReg$"
      ],
      "sources": [
        "C:/React/React/src/App.tsx"
      ],
      "file": "C:/React/React/src/App.tsx"
    },
    "_coverageSchema": "1a1c01bbd47fc00a2c39e90264f33305004495a9",
    "hash": "4c2b7ffdc11e1363ff452aa45005e595442dd39f"
  },
  "C:/React/React/src/main.tsx": {
    "path": "C:/React/React/src/main.tsx",
    "statementMap": {
      "0": {
        "start": {
          "line": 9,
          "column": 0
        },
        "end": {
          "line": 25,
          "column": 10
        }
      }
    },
    "fnMap": {},
    "branchMap": {},
    "s": {
      "0": 4
    },
    "f": {},
    "b": {},
    "inputSourceMap": {
      "version": 3,
      "mappings": "AAcQ;AAdR,OAAOA,WAAW;AAClB,SAASC,mBAAmB;AAC5B,SAASC,gBAAgB;AACzB,SAASC,qBAAqB;AAE9B,SAASC,aAAa;AACtB,OAAOC,SAAS;AAChB,OAAO;AAEPJ,YACEK,SAASC,eAAe,MAAM,GAC9B,uBAAC,MAAM,YAAN,EACC,iCAAC,YAAS,OACR,iCAAC,iBACC,iCAAC,SAAD;AAAA;AAAA;AAAA;AAAA,OAAI,KADN;AAAA;AAAA;AAAA;AAAA,OAEA,KAHF;AAAA;AAAA;AAAA;AAAA,OAIA,KALF;AAAA;AAAA;AAAA;AAAA,OAMA,CAAmB",
      "names": [
        "React",
        "hydrateRoot",
        "Provider",
        "BrowserRouter",
        "store",
        "App",
        "document",
        "getElementById"
      ],
      "sources": [
        "C:/React/React/src/main.tsx"
      ],
      "file": "C:/React/React/src/main.tsx"
    },
    "_coverageSchema": "1a1c01bbd47fc00a2c39e90264f33305004495a9",
    "hash": "679647ca3f1f5fbed3382dc9106eb945c6e66aad"
  }
}