{"D:\\react\\React\\src\\assets\\data\\cats.ts": {"path":"D:\\react\\React\\src\\assets\\data\\cats.ts","all":false,"statementMap":{"0":{"start":{"line":1,"column":0},"end":{"line":1,"column":62}},"1":{"start":{"line":2,"column":0},"end":{"line":2,"column":0}},"2":{"start":{"line":3,"column":0},"end":{"line":3,"column":39}},"3":{"start":{"line":4,"column":0},"end":{"line":4,"column":3}},"4":{"start":{"line":5,"column":0},"end":{"line":5,"column":10}},"5":{"start":{"line":6,"column":0},"end":{"line":6,"column":25}},"6":{"start":{"line":7,"column":0},"end":{"line":7,"column":17}},"7":{"start":{"line":8,"column":0},"end":{"line":8,"column":15}},"8":{"start":{"line":9,"column":0},"end":{"line":9,"column":11}},"9":{"start":{"line":10,"column":0},"end":{"line":10,"column":21}},"10":{"start":{"line":11,"column":0},"end":{"line":11,"column":15}},"11":{"start":{"line":12,"column":0},"end":{"line":12,"column":20}},"12":{"start":{"line":13,"column":0},"end":{"line":13,"column":12}},"13":{"start":{"line":14,"column":0},"end":{"line":14,"column":17}},"14":{"start":{"line":15,"column":0},"end":{"line":15,"column":25}},"15":{"start":{"line":16,"column":0},"end":{"line":16,"column":15}},"16":{"start":{"line":17,"column":0},"end":{"line":17,"column":112}},"17":{"start":{"line":18,"column":0},"end":{"line":18,"column":71}},"18":{"start":{"line":19,"column":0},"end":{"line":19,"column":46}},"19":{"start":{"line":20,"column":0},"end":{"line":20,"column":4}},"20":{"start":{"line":21,"column":0},"end":{"line":21,"column":3}},"21":{"start":{"line":22,"column":0},"end":{"line":22,"column":10}},"22":{"start":{"line":23,"column":0},"end":{"line":23,"column":34}},"23":{"start":{"line":24,"column":0},"end":{"line":24,"column":17}},"24":{"start":{"line":25,"column":0},"end":{"line":25,"column":19}},"25":{"start":{"line":26,"column":0},"end":{"line":26,"column":11}},"26":{"start":{"line":27,"column":0},"end":{"line":27,"column":20}},"27":{"start":{"line":28,"column":0},"end":{"line":28,"column":15}},"28":{"start":{"line":29,"column":0},"end":{"line":29,"column":29}},"29":{"start":{"line":30,"column":0},"end":{"line":30,"column":12}},"30":{"start":{"line":31,"column":0},"end":{"line":31,"column":17}},"31":{"start":{"line":32,"column":0},"end":{"line":32,"column":31}},"32":{"start":{"line":33,"column":0},"end":{"line":33,"column":14}},"33":{"start":{"line":34,"column":0},"end":{"line":34,"column":108}},"34":{"start":{"line":35,"column":0},"end":{"line":35,"column":57}},"35":{"start":{"line":36,"column":0},"end":{"line":36,"column":46}},"36":{"start":{"line":37,"column":0},"end":{"line":37,"column":4}},"37":{"start":{"line":38,"column":0},"end":{"line":38,"column":3}},"38":{"start":{"line":39,"column":0},"end":{"line":39,"column":10}},"39":{"start":{"line":40,"column":0},"end":{"line":40,"column":34}},"40":{"start":{"line":41,"column":0},"end":{"line":41,"column":17}},"41":{"start":{"line":42,"column":0},"end":{"line":42,"column":15}},"42":{"start":{"line":43,"column":0},"end":{"line":43,"column":11}},"43":{"start":{"line":44,"column":0},"end":{"line":44,"column":20}},"44":{"start":{"line":45,"column":0},"end":{"line":45,"column":15}},"45":{"start":{"line":46,"column":0},"end":{"line":46,"column":26}},"46":{"start":{"line":47,"column":0},"end":{"line":47,"column":12}},"47":{"start":{"line":48,"column":0},"end":{"line":48,"column":17}},"48":{"start":{"line":49,"column":0},"end":{"line":49,"column":24}},"49":{"start":{"line":50,"column":0},"end":{"line":50,"column":14}},"50":{"start":{"line":51,"column":0},"end":{"line":51,"column":149}},"51":{"start":{"line":52,"column":0},"end":{"line":52,"column":46}},"52":{"start":{"line":53,"column":0},"end":{"line":53,"column":4}},"53":{"start":{"line":54,"column":0},"end":{"line":54,"column":3}},"54":{"start":{"line":55,"column":0},"end":{"line":55,"column":10}},"55":{"start":{"line":56,"column":0},"end":{"line":56,"column":21}},"56":{"start":{"line":57,"column":0},"end":{"line":57,"column":17}},"57":{"start":{"line":58,"column":0},"end":{"line":58,"column":15}},"58":{"start":{"line":59,"column":0},"end":{"line":59,"column":11}},"59":{"start":{"line":60,"column":0},"end":{"line":60,"column":19}},"60":{"start":{"line":61,"column":0},"end":{"line":61,"column":15}},"61":{"start":{"line":62,"column":0},"end":{"line":62,"column":20}},"62":{"start":{"line":63,"column":0},"end":{"line":63,"column":11}},"63":{"start":{"line":64,"column":0},"end":{"line":64,"column":17}},"64":{"start":{"line":65,"column":0},"end":{"line":65,"column":26}},"65":{"start":{"line":66,"column":0},"end":{"line":66,"column":14}},"66":{"start":{"line":67,"column":0},"end":{"line":67,"column":225}},"67":{"start":{"line":68,"column":0},"end":{"line":68,"column":46}},"68":{"start":{"line":69,"column":0},"end":{"line":69,"column":4}},"69":{"start":{"line":70,"column":0},"end":{"line":70,"column":3}},"70":{"start":{"line":71,"column":0},"end":{"line":71,"column":10}},"71":{"start":{"line":72,"column":0},"end":{"line":72,"column":21}},"72":{"start":{"line":73,"column":0},"end":{"line":73,"column":17}},"73":{"start":{"line":74,"column":0},"end":{"line":74,"column":15}},"74":{"start":{"line":75,"column":0},"end":{"line":75,"column":11}},"75":{"start":{"line":76,"column":0},"end":{"line":76,"column":18}},"76":{"start":{"line":77,"column":0},"end":{"line":77,"column":15}},"77":{"start":{"line":78,"column":0},"end":{"line":78,"column":31}},"78":{"start":{"line":79,"column":0},"end":{"line":79,"column":11}},"79":{"start":{"line":80,"column":0},"end":{"line":80,"column":17}},"80":{"start":{"line":81,"column":0},"end":{"line":81,"column":26}},"81":{"start":{"line":82,"column":0},"end":{"line":82,"column":14}},"82":{"start":{"line":83,"column":0},"end":{"line":83,"column":113}},"83":{"start":{"line":84,"column":0},"end":{"line":84,"column":46}},"84":{"start":{"line":85,"column":0},"end":{"line":85,"column":4}},"85":{"start":{"line":86,"column":0},"end":{"line":86,"column":3}},"86":{"start":{"line":87,"column":0},"end":{"line":87,"column":10}},"87":{"start":{"line":88,"column":0},"end":{"line":88,"column":21}},"88":{"start":{"line":89,"column":0},"end":{"line":89,"column":17}},"89":{"start":{"line":90,"column":0},"end":{"line":90,"column":15}},"90":{"start":{"line":91,"column":0},"end":{"line":91,"column":11}},"91":{"start":{"line":92,"column":0},"end":{"line":92,"column":21}},"92":{"start":{"line":93,"column":0},"end":{"line":93,"column":15}},"93":{"start":{"line":94,"column":0},"end":{"line":94,"column":20}},"94":{"start":{"line":95,"column":0},"end":{"line":95,"column":11}},"95":{"start":{"line":96,"column":0},"end":{"line":96,"column":17}},"96":{"start":{"line":97,"column":0},"end":{"line":97,"column":26}},"97":{"start":{"line":98,"column":0},"end":{"line":98,"column":14}},"98":{"start":{"line":99,"column":0},"end":{"line":99,"column":182}},"99":{"start":{"line":100,"column":0},"end":{"line":100,"column":46}},"100":{"start":{"line":101,"column":0},"end":{"line":101,"column":4}},"101":{"start":{"line":102,"column":0},"end":{"line":102,"column":3}},"102":{"start":{"line":103,"column":0},"end":{"line":103,"column":10}},"103":{"start":{"line":104,"column":0},"end":{"line":104,"column":21}},"104":{"start":{"line":105,"column":0},"end":{"line":105,"column":17}},"105":{"start":{"line":106,"column":0},"end":{"line":106,"column":15}},"106":{"start":{"line":107,"column":0},"end":{"line":107,"column":11}},"107":{"start":{"line":108,"column":0},"end":{"line":108,"column":22}},"108":{"start":{"line":109,"column":0},"end":{"line":109,"column":15}},"109":{"start":{"line":110,"column":0},"end":{"line":110,"column":20}},"110":{"start":{"line":111,"column":0},"end":{"line":111,"column":12}},"111":{"start":{"line":112,"column":0},"end":{"line":112,"column":17}},"112":{"start":{"line":113,"column":0},"end":{"line":113,"column":26}},"113":{"start":{"line":114,"column":0},"end":{"line":114,"column":14}},"114":{"start":{"line":115,"column":0},"end":{"line":115,"column":98}},"115":{"start":{"line":116,"column":0},"end":{"line":116,"column":46}},"116":{"start":{"line":117,"column":0},"end":{"line":117,"column":4}},"117":{"start":{"line":118,"column":0},"end":{"line":118,"column":3}},"118":{"start":{"line":119,"column":0},"end":{"line":119,"column":10}},"119":{"start":{"line":120,"column":0},"end":{"line":120,"column":21}},"120":{"start":{"line":121,"column":0},"end":{"line":121,"column":17}},"121":{"start":{"line":122,"column":0},"end":{"line":122,"column":15}},"122":{"start":{"line":123,"column":0},"end":{"line":123,"column":11}},"123":{"start":{"line":124,"column":0},"end":{"line":124,"column":20}},"124":{"start":{"line":125,"column":0},"end":{"line":125,"column":15}},"125":{"start":{"line":126,"column":0},"end":{"line":126,"column":26}},"126":{"start":{"line":127,"column":0},"end":{"line":127,"column":11}},"127":{"start":{"line":128,"column":0},"end":{"line":128,"column":17}},"128":{"start":{"line":129,"column":0},"end":{"line":129,"column":26}},"129":{"start":{"line":130,"column":0},"end":{"line":130,"column":14}},"130":{"start":{"line":131,"column":0},"end":{"line":131,"column":312}},"131":{"start":{"line":132,"column":0},"end":{"line":132,"column":46}},"132":{"start":{"line":133,"column":0},"end":{"line":133,"column":4}},"133":{"start":{"line":134,"column":0},"end":{"line":134,"column":3}},"134":{"start":{"line":135,"column":0},"end":{"line":135,"column":10}},"135":{"start":{"line":136,"column":0},"end":{"line":136,"column":21}},"136":{"start":{"line":137,"column":0},"end":{"line":137,"column":17}},"137":{"start":{"line":138,"column":0},"end":{"line":138,"column":15}},"138":{"start":{"line":139,"column":0},"end":{"line":139,"column":11}},"139":{"start":{"line":140,"column":0},"end":{"line":140,"column":20}},"140":{"start":{"line":141,"column":0},"end":{"line":141,"column":15}},"141":{"start":{"line":142,"column":0},"end":{"line":142,"column":26}},"142":{"start":{"line":143,"column":0},"end":{"line":143,"column":11}},"143":{"start":{"line":144,"column":0},"end":{"line":144,"column":17}},"144":{"start":{"line":145,"column":0},"end":{"line":145,"column":24}},"145":{"start":{"line":146,"column":0},"end":{"line":146,"column":15}},"146":{"start":{"line":147,"column":0},"end":{"line":147,"column":160}},"147":{"start":{"line":148,"column":0},"end":{"line":148,"column":46}},"148":{"start":{"line":149,"column":0},"end":{"line":149,"column":4}},"149":{"start":{"line":150,"column":0},"end":{"line":150,"column":3}},"150":{"start":{"line":151,"column":0},"end":{"line":151,"column":11}},"151":{"start":{"line":152,"column":0},"end":{"line":152,"column":21}},"152":{"start":{"line":153,"column":0},"end":{"line":153,"column":17}},"153":{"start":{"line":154,"column":0},"end":{"line":154,"column":15}},"154":{"start":{"line":155,"column":0},"end":{"line":155,"column":11}},"155":{"start":{"line":156,"column":0},"end":{"line":156,"column":17}},"156":{"start":{"line":157,"column":0},"end":{"line":157,"column":15}},"157":{"start":{"line":158,"column":0},"end":{"line":158,"column":26}},"158":{"start":{"line":159,"column":0},"end":{"line":159,"column":12}},"159":{"start":{"line":160,"column":0},"end":{"line":160,"column":17}},"160":{"start":{"line":161,"column":0},"end":{"line":161,"column":24}},"161":{"start":{"line":162,"column":0},"end":{"line":162,"column":15}},"162":{"start":{"line":163,"column":0},"end":{"line":163,"column":128}},"163":{"start":{"line":164,"column":0},"end":{"line":164,"column":47}},"164":{"start":{"line":165,"column":0},"end":{"line":165,"column":4}},"165":{"start":{"line":166,"column":0},"end":{"line":166,"column":3}},"166":{"start":{"line":167,"column":0},"end":{"line":167,"column":11}},"167":{"start":{"line":168,"column":0},"end":{"line":168,"column":21}},"168":{"start":{"line":169,"column":0},"end":{"line":169,"column":17}},"169":{"start":{"line":170,"column":0},"end":{"line":170,"column":19}},"170":{"start":{"line":171,"column":0},"end":{"line":171,"column":11}},"171":{"start":{"line":172,"column":0},"end":{"line":172,"column":18}},"172":{"start":{"line":173,"column":0},"end":{"line":173,"column":15}},"173":{"start":{"line":174,"column":0},"end":{"line":174,"column":20}},"174":{"start":{"line":175,"column":0},"end":{"line":175,"column":12}},"175":{"start":{"line":176,"column":0},"end":{"line":176,"column":17}},"176":{"start":{"line":177,"column":0},"end":{"line":177,"column":26}},"177":{"start":{"line":178,"column":0},"end":{"line":178,"column":14}},"178":{"start":{"line":179,"column":0},"end":{"line":179,"column":152}},"179":{"start":{"line":180,"column":0},"end":{"line":180,"column":47}},"180":{"start":{"line":181,"column":0},"end":{"line":181,"column":4}},"181":{"start":{"line":182,"column":0},"end":{"line":182,"column":3}},"182":{"start":{"line":183,"column":0},"end":{"line":183,"column":11}},"183":{"start":{"line":184,"column":0},"end":{"line":184,"column":21}},"184":{"start":{"line":185,"column":0},"end":{"line":185,"column":17}},"185":{"start":{"line":186,"column":0},"end":{"line":186,"column":15}},"186":{"start":{"line":187,"column":0},"end":{"line":187,"column":11}},"187":{"start":{"line":188,"column":0},"end":{"line":188,"column":16}},"188":{"start":{"line":189,"column":0},"end":{"line":189,"column":15}},"189":{"start":{"line":190,"column":0},"end":{"line":190,"column":26}},"190":{"start":{"line":191,"column":0},"end":{"line":191,"column":11}},"191":{"start":{"line":192,"column":0},"end":{"line":192,"column":17}},"192":{"start":{"line":193,"column":0},"end":{"line":193,"column":26}},"193":{"start":{"line":194,"column":0},"end":{"line":194,"column":14}},"194":{"start":{"line":195,"column":0},"end":{"line":195,"column":138}},"195":{"start":{"line":196,"column":0},"end":{"line":196,"column":47}},"196":{"start":{"line":197,"column":0},"end":{"line":197,"column":4}},"197":{"start":{"line":198,"column":0},"end":{"line":198,"column":3}},"198":{"start":{"line":199,"column":0},"end":{"line":199,"column":11}},"199":{"start":{"line":200,"column":0},"end":{"line":200,"column":21}},"200":{"start":{"line":201,"column":0},"end":{"line":201,"column":17}},"201":{"start":{"line":202,"column":0},"end":{"line":202,"column":15}},"202":{"start":{"line":203,"column":0},"end":{"line":203,"column":11}},"203":{"start":{"line":204,"column":0},"end":{"line":204,"column":20}},"204":{"start":{"line":205,"column":0},"end":{"line":205,"column":15}},"205":{"start":{"line":206,"column":0},"end":{"line":206,"column":26}},"206":{"start":{"line":207,"column":0},"end":{"line":207,"column":11}},"207":{"start":{"line":208,"column":0},"end":{"line":208,"column":17}},"208":{"start":{"line":209,"column":0},"end":{"line":209,"column":24}},"209":{"start":{"line":210,"column":0},"end":{"line":210,"column":15}},"210":{"start":{"line":211,"column":0},"end":{"line":211,"column":128}},"211":{"start":{"line":212,"column":0},"end":{"line":212,"column":47}},"212":{"start":{"line":213,"column":0},"end":{"line":213,"column":4}},"213":{"start":{"line":214,"column":0},"end":{"line":214,"column":3}},"214":{"start":{"line":215,"column":0},"end":{"line":215,"column":11}},"215":{"start":{"line":216,"column":0},"end":{"line":216,"column":21}},"216":{"start":{"line":217,"column":0},"end":{"line":217,"column":17}},"217":{"start":{"line":218,"column":0},"end":{"line":218,"column":19}},"218":{"start":{"line":219,"column":0},"end":{"line":219,"column":11}},"219":{"start":{"line":220,"column":0},"end":{"line":220,"column":18}},"220":{"start":{"line":221,"column":0},"end":{"line":221,"column":15}},"221":{"start":{"line":222,"column":0},"end":{"line":222,"column":20}},"222":{"start":{"line":223,"column":0},"end":{"line":223,"column":12}},"223":{"start":{"line":224,"column":0},"end":{"line":224,"column":17}},"224":{"start":{"line":225,"column":0},"end":{"line":225,"column":24}},"225":{"start":{"line":226,"column":0},"end":{"line":226,"column":15}},"226":{"start":{"line":227,"column":0},"end":{"line":227,"column":122}},"227":{"start":{"line":228,"column":0},"end":{"line":228,"column":47}},"228":{"start":{"line":229,"column":0},"end":{"line":229,"column":4}},"229":{"start":{"line":230,"column":0},"end":{"line":230,"column":3}},"230":{"start":{"line":231,"column":0},"end":{"line":231,"column":11}},"231":{"start":{"line":232,"column":0},"end":{"line":232,"column":25}},"232":{"start":{"line":233,"column":0},"end":{"line":233,"column":17}},"233":{"start":{"line":234,"column":0},"end":{"line":234,"column":15}},"234":{"start":{"line":235,"column":0},"end":{"line":235,"column":11}},"235":{"start":{"line":236,"column":0},"end":{"line":236,"column":17}},"236":{"start":{"line":237,"column":0},"end":{"line":237,"column":15}},"237":{"start":{"line":238,"column":0},"end":{"line":238,"column":29}},"238":{"start":{"line":239,"column":0},"end":{"line":239,"column":11}},"239":{"start":{"line":240,"column":0},"end":{"line":240,"column":17}},"240":{"start":{"line":241,"column":0},"end":{"line":241,"column":33}},"241":{"start":{"line":242,"column":0},"end":{"line":242,"column":14}},"242":{"start":{"line":243,"column":0},"end":{"line":243,"column":113}},"243":{"start":{"line":244,"column":0},"end":{"line":244,"column":47}},"244":{"start":{"line":245,"column":0},"end":{"line":245,"column":4}},"245":{"start":{"line":246,"column":0},"end":{"line":246,"column":3}},"246":{"start":{"line":247,"column":0},"end":{"line":247,"column":11}},"247":{"start":{"line":248,"column":0},"end":{"line":248,"column":24}},"248":{"start":{"line":249,"column":0},"end":{"line":249,"column":17}},"249":{"start":{"line":250,"column":0},"end":{"line":250,"column":15}},"250":{"start":{"line":251,"column":0},"end":{"line":251,"column":11}},"251":{"start":{"line":252,"column":0},"end":{"line":252,"column":21}},"252":{"start":{"line":253,"column":0},"end":{"line":253,"column":15}},"253":{"start":{"line":254,"column":0},"end":{"line":254,"column":20}},"254":{"start":{"line":255,"column":0},"end":{"line":255,"column":11}},"255":{"start":{"line":256,"column":0},"end":{"line":256,"column":17}},"256":{"start":{"line":257,"column":0},"end":{"line":257,"column":33}},"257":{"start":{"line":258,"column":0},"end":{"line":258,"column":14}},"258":{"start":{"line":259,"column":0},"end":{"line":259,"column":103}},"259":{"start":{"line":260,"column":0},"end":{"line":260,"column":48}},"260":{"start":{"line":261,"column":0},"end":{"line":261,"column":4}},"261":{"start":{"line":262,"column":0},"end":{"line":262,"column":3}},"262":{"start":{"line":263,"column":0},"end":{"line":263,"column":11}},"263":{"start":{"line":264,"column":0},"end":{"line":264,"column":25}},"264":{"start":{"line":265,"column":0},"end":{"line":265,"column":17}},"265":{"start":{"line":266,"column":0},"end":{"line":266,"column":15}},"266":{"start":{"line":267,"column":0},"end":{"line":267,"column":11}},"267":{"start":{"line":268,"column":0},"end":{"line":268,"column":19}},"268":{"start":{"line":269,"column":0},"end":{"line":269,"column":15}},"269":{"start":{"line":270,"column":0},"end":{"line":270,"column":25}},"270":{"start":{"line":271,"column":0},"end":{"line":271,"column":11}},"271":{"start":{"line":272,"column":0},"end":{"line":272,"column":17}},"272":{"start":{"line":273,"column":0},"end":{"line":273,"column":24}},"273":{"start":{"line":274,"column":0},"end":{"line":274,"column":14}},"274":{"start":{"line":275,"column":0},"end":{"line":275,"column":73}},"275":{"start":{"line":276,"column":0},"end":{"line":276,"column":47}},"276":{"start":{"line":277,"column":0},"end":{"line":277,"column":4}},"277":{"start":{"line":278,"column":0},"end":{"line":278,"column":3}},"278":{"start":{"line":279,"column":0},"end":{"line":279,"column":11}},"279":{"start":{"line":280,"column":0},"end":{"line":280,"column":24}},"280":{"start":{"line":281,"column":0},"end":{"line":281,"column":17}},"281":{"start":{"line":282,"column":0},"end":{"line":282,"column":19}},"282":{"start":{"line":283,"column":0},"end":{"line":283,"column":11}},"283":{"start":{"line":284,"column":0},"end":{"line":284,"column":18}},"284":{"start":{"line":285,"column":0},"end":{"line":285,"column":15}},"285":{"start":{"line":286,"column":0},"end":{"line":286,"column":20}},"286":{"start":{"line":287,"column":0},"end":{"line":287,"column":11}},"287":{"start":{"line":288,"column":0},"end":{"line":288,"column":17}},"288":{"start":{"line":289,"column":0},"end":{"line":289,"column":23}},"289":{"start":{"line":290,"column":0},"end":{"line":290,"column":14}},"290":{"start":{"line":291,"column":0},"end":{"line":291,"column":119}},"291":{"start":{"line":292,"column":0},"end":{"line":292,"column":47}},"292":{"start":{"line":293,"column":0},"end":{"line":293,"column":4}},"293":{"start":{"line":294,"column":0},"end":{"line":294,"column":3}},"294":{"start":{"line":295,"column":0},"end":{"line":295,"column":11}},"295":{"start":{"line":296,"column":0},"end":{"line":296,"column":24}},"296":{"start":{"line":297,"column":0},"end":{"line":297,"column":17}},"297":{"start":{"line":298,"column":0},"end":{"line":298,"column":19}},"298":{"start":{"line":299,"column":0},"end":{"line":299,"column":11}},"299":{"start":{"line":300,"column":0},"end":{"line":300,"column":17}},"300":{"start":{"line":301,"column":0},"end":{"line":301,"column":15}},"301":{"start":{"line":302,"column":0},"end":{"line":302,"column":20}},"302":{"start":{"line":303,"column":0},"end":{"line":303,"column":11}},"303":{"start":{"line":304,"column":0},"end":{"line":304,"column":17}},"304":{"start":{"line":305,"column":0},"end":{"line":305,"column":23}},"305":{"start":{"line":306,"column":0},"end":{"line":306,"column":14}},"306":{"start":{"line":307,"column":0},"end":{"line":307,"column":47}},"307":{"start":{"line":308,"column":0},"end":{"line":308,"column":47}},"308":{"start":{"line":309,"column":0},"end":{"line":309,"column":4}},"309":{"start":{"line":310,"column":0},"end":{"line":310,"column":3}},"310":{"start":{"line":311,"column":0},"end":{"line":311,"column":11}},"311":{"start":{"line":312,"column":0},"end":{"line":312,"column":24}},"312":{"start":{"line":313,"column":0},"end":{"line":313,"column":17}},"313":{"start":{"line":314,"column":0},"end":{"line":314,"column":15}},"314":{"start":{"line":315,"column":0},"end":{"line":315,"column":11}},"315":{"start":{"line":316,"column":0},"end":{"line":316,"column":17}},"316":{"start":{"line":317,"column":0},"end":{"line":317,"column":15}},"317":{"start":{"line":318,"column":0},"end":{"line":318,"column":20}},"318":{"start":{"line":319,"column":0},"end":{"line":319,"column":11}},"319":{"start":{"line":320,"column":0},"end":{"line":320,"column":17}},"320":{"start":{"line":321,"column":0},"end":{"line":321,"column":23}},"321":{"start":{"line":322,"column":0},"end":{"line":322,"column":14}},"322":{"start":{"line":323,"column":0},"end":{"line":323,"column":139}},"323":{"start":{"line":324,"column":0},"end":{"line":324,"column":47}},"324":{"start":{"line":325,"column":0},"end":{"line":325,"column":4}},"325":{"start":{"line":326,"column":0},"end":{"line":326,"column":3}},"326":{"start":{"line":327,"column":0},"end":{"line":327,"column":11}},"327":{"start":{"line":328,"column":0},"end":{"line":328,"column":31}},"328":{"start":{"line":329,"column":0},"end":{"line":329,"column":17}},"329":{"start":{"line":330,"column":0},"end":{"line":330,"column":15}},"330":{"start":{"line":331,"column":0},"end":{"line":331,"column":11}},"331":{"start":{"line":332,"column":0},"end":{"line":332,"column":20}},"332":{"start":{"line":333,"column":0},"end":{"line":333,"column":15}},"333":{"start":{"line":334,"column":0},"end":{"line":334,"column":20}},"334":{"start":{"line":335,"column":0},"end":{"line":335,"column":11}},"335":{"start":{"line":336,"column":0},"end":{"line":336,"column":17}},"336":{"start":{"line":337,"column":0},"end":{"line":337,"column":31}},"337":{"start":{"line":338,"column":0},"end":{"line":338,"column":14}},"338":{"start":{"line":339,"column":0},"end":{"line":339,"column":88}},"339":{"start":{"line":340,"column":0},"end":{"line":340,"column":47}},"340":{"start":{"line":341,"column":0},"end":{"line":341,"column":4}},"341":{"start":{"line":342,"column":0},"end":{"line":342,"column":3}},"342":{"start":{"line":343,"column":0},"end":{"line":343,"column":11}},"343":{"start":{"line":344,"column":0},"end":{"line":344,"column":21}},"344":{"start":{"line":345,"column":0},"end":{"line":345,"column":17}},"345":{"start":{"line":346,"column":0},"end":{"line":346,"column":15}},"346":{"start":{"line":347,"column":0},"end":{"line":347,"column":11}},"347":{"start":{"line":348,"column":0},"end":{"line":348,"column":18}},"348":{"start":{"line":349,"column":0},"end":{"line":349,"column":15}},"349":{"start":{"line":350,"column":0},"end":{"line":350,"column":31}},"350":{"start":{"line":351,"column":0},"end":{"line":351,"column":11}},"351":{"start":{"line":352,"column":0},"end":{"line":352,"column":17}},"352":{"start":{"line":353,"column":0},"end":{"line":353,"column":24}},"353":{"start":{"line":354,"column":0},"end":{"line":354,"column":15}},"354":{"start":{"line":355,"column":0},"end":{"line":355,"column":65}},"355":{"start":{"line":356,"column":0},"end":{"line":356,"column":47}},"356":{"start":{"line":357,"column":0},"end":{"line":357,"column":4}},"357":{"start":{"line":358,"column":0},"end":{"line":358,"column":3}},"358":{"start":{"line":359,"column":0},"end":{"line":359,"column":11}},"359":{"start":{"line":360,"column":0},"end":{"line":360,"column":25}},"360":{"start":{"line":361,"column":0},"end":{"line":361,"column":17}},"361":{"start":{"line":362,"column":0},"end":{"line":362,"column":15}},"362":{"start":{"line":363,"column":0},"end":{"line":363,"column":11}},"363":{"start":{"line":364,"column":0},"end":{"line":364,"column":19}},"364":{"start":{"line":365,"column":0},"end":{"line":365,"column":15}},"365":{"start":{"line":366,"column":0},"end":{"line":366,"column":31}},"366":{"start":{"line":367,"column":0},"end":{"line":367,"column":11}},"367":{"start":{"line":368,"column":0},"end":{"line":368,"column":17}},"368":{"start":{"line":369,"column":0},"end":{"line":369,"column":24}},"369":{"start":{"line":370,"column":0},"end":{"line":370,"column":15}},"370":{"start":{"line":371,"column":0},"end":{"line":371,"column":16}},"371":{"start":{"line":372,"column":0},"end":{"line":372,"column":91}},"372":{"start":{"line":373,"column":0},"end":{"line":373,"column":47}},"373":{"start":{"line":374,"column":0},"end":{"line":374,"column":4}},"374":{"start":{"line":375,"column":0},"end":{"line":375,"column":3}},"375":{"start":{"line":376,"column":0},"end":{"line":376,"column":11}},"376":{"start":{"line":377,"column":0},"end":{"line":377,"column":25}},"377":{"start":{"line":378,"column":0},"end":{"line":378,"column":17}},"378":{"start":{"line":379,"column":0},"end":{"line":379,"column":19}},"379":{"start":{"line":380,"column":0},"end":{"line":380,"column":11}},"380":{"start":{"line":381,"column":0},"end":{"line":381,"column":18}},"381":{"start":{"line":382,"column":0},"end":{"line":382,"column":15}},"382":{"start":{"line":383,"column":0},"end":{"line":383,"column":20}},"383":{"start":{"line":384,"column":0},"end":{"line":384,"column":12}},"384":{"start":{"line":385,"column":0},"end":{"line":385,"column":17}},"385":{"start":{"line":386,"column":0},"end":{"line":386,"column":25}},"386":{"start":{"line":387,"column":0},"end":{"line":387,"column":15}},"387":{"start":{"line":388,"column":0},"end":{"line":388,"column":119}},"388":{"start":{"line":389,"column":0},"end":{"line":389,"column":47}},"389":{"start":{"line":390,"column":0},"end":{"line":390,"column":4}},"390":{"start":{"line":391,"column":0},"end":{"line":391,"column":3}},"391":{"start":{"line":392,"column":0},"end":{"line":392,"column":11}},"392":{"start":{"line":393,"column":0},"end":{"line":393,"column":25}},"393":{"start":{"line":394,"column":0},"end":{"line":394,"column":17}},"394":{"start":{"line":395,"column":0},"end":{"line":395,"column":15}},"395":{"start":{"line":396,"column":0},"end":{"line":396,"column":11}},"396":{"start":{"line":397,"column":0},"end":{"line":397,"column":18}},"397":{"start":{"line":398,"column":0},"end":{"line":398,"column":15}},"398":{"start":{"line":399,"column":0},"end":{"line":399,"column":29}},"399":{"start":{"line":400,"column":0},"end":{"line":400,"column":11}},"400":{"start":{"line":401,"column":0},"end":{"line":401,"column":17}},"401":{"start":{"line":402,"column":0},"end":{"line":402,"column":27}},"402":{"start":{"line":403,"column":0},"end":{"line":403,"column":14}},"403":{"start":{"line":404,"column":0},"end":{"line":404,"column":142}},"404":{"start":{"line":405,"column":0},"end":{"line":405,"column":47}},"405":{"start":{"line":406,"column":0},"end":{"line":406,"column":4}},"406":{"start":{"line":407,"column":0},"end":{"line":407,"column":3}},"407":{"start":{"line":408,"column":0},"end":{"line":408,"column":11}},"408":{"start":{"line":409,"column":0},"end":{"line":409,"column":25}},"409":{"start":{"line":410,"column":0},"end":{"line":410,"column":17}},"410":{"start":{"line":411,"column":0},"end":{"line":411,"column":15}},"411":{"start":{"line":412,"column":0},"end":{"line":412,"column":11}},"412":{"start":{"line":413,"column":0},"end":{"line":413,"column":19}},"413":{"start":{"line":414,"column":0},"end":{"line":414,"column":15}},"414":{"start":{"line":415,"column":0},"end":{"line":415,"column":29}},"415":{"start":{"line":416,"column":0},"end":{"line":416,"column":11}},"416":{"start":{"line":417,"column":0},"end":{"line":417,"column":17}},"417":{"start":{"line":418,"column":0},"end":{"line":418,"column":27}},"418":{"start":{"line":419,"column":0},"end":{"line":419,"column":14}},"419":{"start":{"line":420,"column":0},"end":{"line":420,"column":63}},"420":{"start":{"line":421,"column":0},"end":{"line":421,"column":47}},"421":{"start":{"line":422,"column":0},"end":{"line":422,"column":4}},"422":{"start":{"line":423,"column":0},"end":{"line":423,"column":3}},"423":{"start":{"line":424,"column":0},"end":{"line":424,"column":11}},"424":{"start":{"line":425,"column":0},"end":{"line":425,"column":25}},"425":{"start":{"line":426,"column":0},"end":{"line":426,"column":17}},"426":{"start":{"line":427,"column":0},"end":{"line":427,"column":15}},"427":{"start":{"line":428,"column":0},"end":{"line":428,"column":11}},"428":{"start":{"line":429,"column":0},"end":{"line":429,"column":17}},"429":{"start":{"line":430,"column":0},"end":{"line":430,"column":15}},"430":{"start":{"line":431,"column":0},"end":{"line":431,"column":29}},"431":{"start":{"line":432,"column":0},"end":{"line":432,"column":11}},"432":{"start":{"line":433,"column":0},"end":{"line":433,"column":17}},"433":{"start":{"line":434,"column":0},"end":{"line":434,"column":27}},"434":{"start":{"line":435,"column":0},"end":{"line":435,"column":14}},"435":{"start":{"line":436,"column":0},"end":{"line":436,"column":136}},"436":{"start":{"line":437,"column":0},"end":{"line":437,"column":47}},"437":{"start":{"line":438,"column":0},"end":{"line":438,"column":4}},"438":{"start":{"line":439,"column":0},"end":{"line":439,"column":3}},"439":{"start":{"line":440,"column":0},"end":{"line":440,"column":11}},"440":{"start":{"line":441,"column":0},"end":{"line":441,"column":25}},"441":{"start":{"line":442,"column":0},"end":{"line":442,"column":17}},"442":{"start":{"line":443,"column":0},"end":{"line":443,"column":15}},"443":{"start":{"line":444,"column":0},"end":{"line":444,"column":11}},"444":{"start":{"line":445,"column":0},"end":{"line":445,"column":18}},"445":{"start":{"line":446,"column":0},"end":{"line":446,"column":15}},"446":{"start":{"line":447,"column":0},"end":{"line":447,"column":29}},"447":{"start":{"line":448,"column":0},"end":{"line":448,"column":12}},"448":{"start":{"line":449,"column":0},"end":{"line":449,"column":17}},"449":{"start":{"line":450,"column":0},"end":{"line":450,"column":27}},"450":{"start":{"line":451,"column":0},"end":{"line":451,"column":14}},"451":{"start":{"line":452,"column":0},"end":{"line":452,"column":68}},"452":{"start":{"line":453,"column":0},"end":{"line":453,"column":47}},"453":{"start":{"line":454,"column":0},"end":{"line":454,"column":4}},"454":{"start":{"line":455,"column":0},"end":{"line":455,"column":3}},"455":{"start":{"line":456,"column":0},"end":{"line":456,"column":11}},"456":{"start":{"line":457,"column":0},"end":{"line":457,"column":25}},"457":{"start":{"line":458,"column":0},"end":{"line":458,"column":17}},"458":{"start":{"line":459,"column":0},"end":{"line":459,"column":15}},"459":{"start":{"line":460,"column":0},"end":{"line":460,"column":11}},"460":{"start":{"line":461,"column":0},"end":{"line":461,"column":18}},"461":{"start":{"line":462,"column":0},"end":{"line":462,"column":15}},"462":{"start":{"line":463,"column":0},"end":{"line":463,"column":29}},"463":{"start":{"line":464,"column":0},"end":{"line":464,"column":11}},"464":{"start":{"line":465,"column":0},"end":{"line":465,"column":17}},"465":{"start":{"line":466,"column":0},"end":{"line":466,"column":27}},"466":{"start":{"line":467,"column":0},"end":{"line":467,"column":14}},"467":{"start":{"line":468,"column":0},"end":{"line":468,"column":71}},"468":{"start":{"line":469,"column":0},"end":{"line":469,"column":47}},"469":{"start":{"line":470,"column":0},"end":{"line":470,"column":4}},"470":{"start":{"line":471,"column":0},"end":{"line":471,"column":3}},"471":{"start":{"line":472,"column":0},"end":{"line":472,"column":11}},"472":{"start":{"line":473,"column":0},"end":{"line":473,"column":25}},"473":{"start":{"line":474,"column":0},"end":{"line":474,"column":17}},"474":{"start":{"line":475,"column":0},"end":{"line":475,"column":15}},"475":{"start":{"line":476,"column":0},"end":{"line":476,"column":11}},"476":{"start":{"line":477,"column":0},"end":{"line":477,"column":20}},"477":{"start":{"line":478,"column":0},"end":{"line":478,"column":15}},"478":{"start":{"line":479,"column":0},"end":{"line":479,"column":29}},"479":{"start":{"line":480,"column":0},"end":{"line":480,"column":11}},"480":{"start":{"line":481,"column":0},"end":{"line":481,"column":17}},"481":{"start":{"line":482,"column":0},"end":{"line":482,"column":27}},"482":{"start":{"line":483,"column":0},"end":{"line":483,"column":14}},"483":{"start":{"line":484,"column":0},"end":{"line":484,"column":133}},"484":{"start":{"line":485,"column":0},"end":{"line":485,"column":47}},"485":{"start":{"line":486,"column":0},"end":{"line":486,"column":4}},"486":{"start":{"line":487,"column":0},"end":{"line":487,"column":3}},"487":{"start":{"line":488,"column":0},"end":{"line":488,"column":11}},"488":{"start":{"line":489,"column":0},"end":{"line":489,"column":25}},"489":{"start":{"line":490,"column":0},"end":{"line":490,"column":17}},"490":{"start":{"line":491,"column":0},"end":{"line":491,"column":15}},"491":{"start":{"line":492,"column":0},"end":{"line":492,"column":11}},"492":{"start":{"line":493,"column":0},"end":{"line":493,"column":20}},"493":{"start":{"line":494,"column":0},"end":{"line":494,"column":15}},"494":{"start":{"line":495,"column":0},"end":{"line":495,"column":29}},"495":{"start":{"line":496,"column":0},"end":{"line":496,"column":11}},"496":{"start":{"line":497,"column":0},"end":{"line":497,"column":17}},"497":{"start":{"line":498,"column":0},"end":{"line":498,"column":25}},"498":{"start":{"line":499,"column":0},"end":{"line":499,"column":14}},"499":{"start":{"line":500,"column":0},"end":{"line":500,"column":126}},"500":{"start":{"line":501,"column":0},"end":{"line":501,"column":47}},"501":{"start":{"line":502,"column":0},"end":{"line":502,"column":4}},"502":{"start":{"line":503,"column":0},"end":{"line":503,"column":3}},"503":{"start":{"line":504,"column":0},"end":{"line":504,"column":11}},"504":{"start":{"line":505,"column":0},"end":{"line":505,"column":25}},"505":{"start":{"line":506,"column":0},"end":{"line":506,"column":17}},"506":{"start":{"line":507,"column":0},"end":{"line":507,"column":15}},"507":{"start":{"line":508,"column":0},"end":{"line":508,"column":11}},"508":{"start":{"line":509,"column":0},"end":{"line":509,"column":20}},"509":{"start":{"line":510,"column":0},"end":{"line":510,"column":15}},"510":{"start":{"line":511,"column":0},"end":{"line":511,"column":20}},"511":{"start":{"line":512,"column":0},"end":{"line":512,"column":11}},"512":{"start":{"line":513,"column":0},"end":{"line":513,"column":17}},"513":{"start":{"line":514,"column":0},"end":{"line":514,"column":25}},"514":{"start":{"line":515,"column":0},"end":{"line":515,"column":14}},"515":{"start":{"line":516,"column":0},"end":{"line":516,"column":225}},"516":{"start":{"line":517,"column":0},"end":{"line":517,"column":47}},"517":{"start":{"line":518,"column":0},"end":{"line":518,"column":4}},"518":{"start":{"line":519,"column":0},"end":{"line":519,"column":3}},"519":{"start":{"line":520,"column":0},"end":{"line":520,"column":11}},"520":{"start":{"line":521,"column":0},"end":{"line":521,"column":25}},"521":{"start":{"line":522,"column":0},"end":{"line":522,"column":17}},"522":{"start":{"line":523,"column":0},"end":{"line":523,"column":15}},"523":{"start":{"line":524,"column":0},"end":{"line":524,"column":11}},"524":{"start":{"line":525,"column":0},"end":{"line":525,"column":18}},"525":{"start":{"line":526,"column":0},"end":{"line":526,"column":15}},"526":{"start":{"line":527,"column":0},"end":{"line":527,"column":29}},"527":{"start":{"line":528,"column":0},"end":{"line":528,"column":11}},"528":{"start":{"line":529,"column":0},"end":{"line":529,"column":17}},"529":{"start":{"line":530,"column":0},"end":{"line":530,"column":25}},"530":{"start":{"line":531,"column":0},"end":{"line":531,"column":14}},"531":{"start":{"line":532,"column":0},"end":{"line":532,"column":184}},"532":{"start":{"line":533,"column":0},"end":{"line":533,"column":47}},"533":{"start":{"line":534,"column":0},"end":{"line":534,"column":4}},"534":{"start":{"line":535,"column":0},"end":{"line":535,"column":3}},"535":{"start":{"line":536,"column":0},"end":{"line":536,"column":11}},"536":{"start":{"line":537,"column":0},"end":{"line":537,"column":25}},"537":{"start":{"line":538,"column":0},"end":{"line":538,"column":17}},"538":{"start":{"line":539,"column":0},"end":{"line":539,"column":15}},"539":{"start":{"line":540,"column":0},"end":{"line":540,"column":11}},"540":{"start":{"line":541,"column":0},"end":{"line":541,"column":18}},"541":{"start":{"line":542,"column":0},"end":{"line":542,"column":15}},"542":{"start":{"line":543,"column":0},"end":{"line":543,"column":29}},"543":{"start":{"line":544,"column":0},"end":{"line":544,"column":11}},"544":{"start":{"line":545,"column":0},"end":{"line":545,"column":17}},"545":{"start":{"line":546,"column":0},"end":{"line":546,"column":25}},"546":{"start":{"line":547,"column":0},"end":{"line":547,"column":14}},"547":{"start":{"line":548,"column":0},"end":{"line":548,"column":260}},"548":{"start":{"line":549,"column":0},"end":{"line":549,"column":47}},"549":{"start":{"line":550,"column":0},"end":{"line":550,"column":4}},"550":{"start":{"line":551,"column":0},"end":{"line":551,"column":3}},"551":{"start":{"line":552,"column":0},"end":{"line":552,"column":11}},"552":{"start":{"line":553,"column":0},"end":{"line":553,"column":25}},"553":{"start":{"line":554,"column":0},"end":{"line":554,"column":17}},"554":{"start":{"line":555,"column":0},"end":{"line":555,"column":15}},"555":{"start":{"line":556,"column":0},"end":{"line":556,"column":11}},"556":{"start":{"line":557,"column":0},"end":{"line":557,"column":23}},"557":{"start":{"line":558,"column":0},"end":{"line":558,"column":15}},"558":{"start":{"line":559,"column":0},"end":{"line":559,"column":20}},"559":{"start":{"line":560,"column":0},"end":{"line":560,"column":11}},"560":{"start":{"line":561,"column":0},"end":{"line":561,"column":17}},"561":{"start":{"line":562,"column":0},"end":{"line":562,"column":27}},"562":{"start":{"line":563,"column":0},"end":{"line":563,"column":14}},"563":{"start":{"line":564,"column":0},"end":{"line":564,"column":96}},"564":{"start":{"line":565,"column":0},"end":{"line":565,"column":47}},"565":{"start":{"line":566,"column":0},"end":{"line":566,"column":4}},"566":{"start":{"line":567,"column":0},"end":{"line":567,"column":3}},"567":{"start":{"line":568,"column":0},"end":{"line":568,"column":11}},"568":{"start":{"line":569,"column":0},"end":{"line":569,"column":24}},"569":{"start":{"line":570,"column":0},"end":{"line":570,"column":17}},"570":{"start":{"line":571,"column":0},"end":{"line":571,"column":19}},"571":{"start":{"line":572,"column":0},"end":{"line":572,"column":11}},"572":{"start":{"line":573,"column":0},"end":{"line":573,"column":19}},"573":{"start":{"line":574,"column":0},"end":{"line":574,"column":15}},"574":{"start":{"line":575,"column":0},"end":{"line":575,"column":20}},"575":{"start":{"line":576,"column":0},"end":{"line":576,"column":11}},"576":{"start":{"line":577,"column":0},"end":{"line":577,"column":17}},"577":{"start":{"line":578,"column":0},"end":{"line":578,"column":27}},"578":{"start":{"line":579,"column":0},"end":{"line":579,"column":14}},"579":{"start":{"line":580,"column":0},"end":{"line":580,"column":127}},"580":{"start":{"line":581,"column":0},"end":{"line":581,"column":47}},"581":{"start":{"line":582,"column":0},"end":{"line":582,"column":4}},"582":{"start":{"line":583,"column":0},"end":{"line":583,"column":3}},"583":{"start":{"line":584,"column":0},"end":{"line":584,"column":11}},"584":{"start":{"line":585,"column":0},"end":{"line":585,"column":24}},"585":{"start":{"line":586,"column":0},"end":{"line":586,"column":17}},"586":{"start":{"line":587,"column":0},"end":{"line":587,"column":15}},"587":{"start":{"line":588,"column":0},"end":{"line":588,"column":11}},"588":{"start":{"line":589,"column":0},"end":{"line":589,"column":18}},"589":{"start":{"line":590,"column":0},"end":{"line":590,"column":15}},"590":{"start":{"line":591,"column":0},"end":{"line":591,"column":25}},"591":{"start":{"line":592,"column":0},"end":{"line":592,"column":11}},"592":{"start":{"line":593,"column":0},"end":{"line":593,"column":17}},"593":{"start":{"line":594,"column":0},"end":{"line":594,"column":27}},"594":{"start":{"line":595,"column":0},"end":{"line":595,"column":14}},"595":{"start":{"line":596,"column":0},"end":{"line":596,"column":68}},"596":{"start":{"line":597,"column":0},"end":{"line":597,"column":47}},"597":{"start":{"line":598,"column":0},"end":{"line":598,"column":4}},"598":{"start":{"line":599,"column":0},"end":{"line":599,"column":3}},"599":{"start":{"line":600,"column":0},"end":{"line":600,"column":11}},"600":{"start":{"line":601,"column":0},"end":{"line":601,"column":24}},"601":{"start":{"line":602,"column":0},"end":{"line":602,"column":17}},"602":{"start":{"line":603,"column":0},"end":{"line":603,"column":15}},"603":{"start":{"line":604,"column":0},"end":{"line":604,"column":11}},"604":{"start":{"line":605,"column":0},"end":{"line":605,"column":16}},"605":{"start":{"line":606,"column":0},"end":{"line":606,"column":15}},"606":{"start":{"line":607,"column":0},"end":{"line":607,"column":25}},"607":{"start":{"line":608,"column":0},"end":{"line":608,"column":11}},"608":{"start":{"line":609,"column":0},"end":{"line":609,"column":17}},"609":{"start":{"line":610,"column":0},"end":{"line":610,"column":27}},"610":{"start":{"line":611,"column":0},"end":{"line":611,"column":14}},"611":{"start":{"line":612,"column":0},"end":{"line":612,"column":113}},"612":{"start":{"line":613,"column":0},"end":{"line":613,"column":47}},"613":{"start":{"line":614,"column":0},"end":{"line":614,"column":4}},"614":{"start":{"line":615,"column":0},"end":{"line":615,"column":3}},"615":{"start":{"line":616,"column":0},"end":{"line":616,"column":11}},"616":{"start":{"line":617,"column":0},"end":{"line":617,"column":24}},"617":{"start":{"line":618,"column":0},"end":{"line":618,"column":17}},"618":{"start":{"line":619,"column":0},"end":{"line":619,"column":19}},"619":{"start":{"line":620,"column":0},"end":{"line":620,"column":11}},"620":{"start":{"line":621,"column":0},"end":{"line":621,"column":18}},"621":{"start":{"line":622,"column":0},"end":{"line":622,"column":15}},"622":{"start":{"line":623,"column":0},"end":{"line":623,"column":20}},"623":{"start":{"line":624,"column":0},"end":{"line":624,"column":12}},"624":{"start":{"line":625,"column":0},"end":{"line":625,"column":17}},"625":{"start":{"line":626,"column":0},"end":{"line":626,"column":27}},"626":{"start":{"line":627,"column":0},"end":{"line":627,"column":14}},"627":{"start":{"line":628,"column":0},"end":{"line":628,"column":88}},"628":{"start":{"line":629,"column":0},"end":{"line":629,"column":47}},"629":{"start":{"line":630,"column":0},"end":{"line":630,"column":4}},"630":{"start":{"line":631,"column":0},"end":{"line":631,"column":3}},"631":{"start":{"line":632,"column":0},"end":{"line":632,"column":11}},"632":{"start":{"line":633,"column":0},"end":{"line":633,"column":24}},"633":{"start":{"line":634,"column":0},"end":{"line":634,"column":17}},"634":{"start":{"line":635,"column":0},"end":{"line":635,"column":19}},"635":{"start":{"line":636,"column":0},"end":{"line":636,"column":11}},"636":{"start":{"line":637,"column":0},"end":{"line":637,"column":19}},"637":{"start":{"line":638,"column":0},"end":{"line":638,"column":15}},"638":{"start":{"line":639,"column":0},"end":{"line":639,"column":20}},"639":{"start":{"line":640,"column":0},"end":{"line":640,"column":11}},"640":{"start":{"line":641,"column":0},"end":{"line":641,"column":17}},"641":{"start":{"line":642,"column":0},"end":{"line":642,"column":27}},"642":{"start":{"line":643,"column":0},"end":{"line":643,"column":14}},"643":{"start":{"line":644,"column":0},"end":{"line":644,"column":217}},"644":{"start":{"line":645,"column":0},"end":{"line":645,"column":47}},"645":{"start":{"line":646,"column":0},"end":{"line":646,"column":4}},"646":{"start":{"line":647,"column":0},"end":{"line":647,"column":3}},"647":{"start":{"line":648,"column":0},"end":{"line":648,"column":11}},"648":{"start":{"line":649,"column":0},"end":{"line":649,"column":24}},"649":{"start":{"line":650,"column":0},"end":{"line":650,"column":17}},"650":{"start":{"line":651,"column":0},"end":{"line":651,"column":18}},"651":{"start":{"line":652,"column":0},"end":{"line":652,"column":11}},"652":{"start":{"line":653,"column":0},"end":{"line":653,"column":19}},"653":{"start":{"line":654,"column":0},"end":{"line":654,"column":15}},"654":{"start":{"line":655,"column":0},"end":{"line":655,"column":20}},"655":{"start":{"line":656,"column":0},"end":{"line":656,"column":12}},"656":{"start":{"line":657,"column":0},"end":{"line":657,"column":17}},"657":{"start":{"line":658,"column":0},"end":{"line":658,"column":27}},"658":{"start":{"line":659,"column":0},"end":{"line":659,"column":14}},"659":{"start":{"line":660,"column":0},"end":{"line":660,"column":109}},"660":{"start":{"line":661,"column":0},"end":{"line":661,"column":47}},"661":{"start":{"line":662,"column":0},"end":{"line":662,"column":4}},"662":{"start":{"line":663,"column":0},"end":{"line":663,"column":3}},"663":{"start":{"line":664,"column":0},"end":{"line":664,"column":11}},"664":{"start":{"line":665,"column":0},"end":{"line":665,"column":24}},"665":{"start":{"line":666,"column":0},"end":{"line":666,"column":17}},"666":{"start":{"line":667,"column":0},"end":{"line":667,"column":15}},"667":{"start":{"line":668,"column":0},"end":{"line":668,"column":11}},"668":{"start":{"line":669,"column":0},"end":{"line":669,"column":20}},"669":{"start":{"line":670,"column":0},"end":{"line":670,"column":15}},"670":{"start":{"line":671,"column":0},"end":{"line":671,"column":20}},"671":{"start":{"line":672,"column":0},"end":{"line":672,"column":11}},"672":{"start":{"line":673,"column":0},"end":{"line":673,"column":17}},"673":{"start":{"line":674,"column":0},"end":{"line":674,"column":27}},"674":{"start":{"line":675,"column":0},"end":{"line":675,"column":14}},"675":{"start":{"line":676,"column":0},"end":{"line":676,"column":185}},"676":{"start":{"line":677,"column":0},"end":{"line":677,"column":47}},"677":{"start":{"line":678,"column":0},"end":{"line":678,"column":4}},"678":{"start":{"line":679,"column":0},"end":{"line":679,"column":3}},"679":{"start":{"line":680,"column":0},"end":{"line":680,"column":11}},"680":{"start":{"line":681,"column":0},"end":{"line":681,"column":24}},"681":{"start":{"line":682,"column":0},"end":{"line":682,"column":17}},"682":{"start":{"line":683,"column":0},"end":{"line":683,"column":18}},"683":{"start":{"line":684,"column":0},"end":{"line":684,"column":11}},"684":{"start":{"line":685,"column":0},"end":{"line":685,"column":19}},"685":{"start":{"line":686,"column":0},"end":{"line":686,"column":15}},"686":{"start":{"line":687,"column":0},"end":{"line":687,"column":20}},"687":{"start":{"line":688,"column":0},"end":{"line":688,"column":12}},"688":{"start":{"line":689,"column":0},"end":{"line":689,"column":17}},"689":{"start":{"line":690,"column":0},"end":{"line":690,"column":27}},"690":{"start":{"line":691,"column":0},"end":{"line":691,"column":14}},"691":{"start":{"line":692,"column":0},"end":{"line":692,"column":130}},"692":{"start":{"line":693,"column":0},"end":{"line":693,"column":47}},"693":{"start":{"line":694,"column":0},"end":{"line":694,"column":4}},"694":{"start":{"line":695,"column":0},"end":{"line":695,"column":3}},"695":{"start":{"line":696,"column":0},"end":{"line":696,"column":11}},"696":{"start":{"line":697,"column":0},"end":{"line":697,"column":24}},"697":{"start":{"line":698,"column":0},"end":{"line":698,"column":17}},"698":{"start":{"line":699,"column":0},"end":{"line":699,"column":19}},"699":{"start":{"line":700,"column":0},"end":{"line":700,"column":11}},"700":{"start":{"line":701,"column":0},"end":{"line":701,"column":19}},"701":{"start":{"line":702,"column":0},"end":{"line":702,"column":15}},"702":{"start":{"line":703,"column":0},"end":{"line":703,"column":20}},"703":{"start":{"line":704,"column":0},"end":{"line":704,"column":12}},"704":{"start":{"line":705,"column":0},"end":{"line":705,"column":17}},"705":{"start":{"line":706,"column":0},"end":{"line":706,"column":27}},"706":{"start":{"line":707,"column":0},"end":{"line":707,"column":14}},"707":{"start":{"line":708,"column":0},"end":{"line":708,"column":145}},"708":{"start":{"line":709,"column":0},"end":{"line":709,"column":47}},"709":{"start":{"line":710,"column":0},"end":{"line":710,"column":4}},"710":{"start":{"line":711,"column":0},"end":{"line":711,"column":3}},"711":{"start":{"line":712,"column":0},"end":{"line":712,"column":11}},"712":{"start":{"line":713,"column":0},"end":{"line":713,"column":24}},"713":{"start":{"line":714,"column":0},"end":{"line":714,"column":16}},"714":{"start":{"line":715,"column":0},"end":{"line":715,"column":15}},"715":{"start":{"line":716,"column":0},"end":{"line":716,"column":11}},"716":{"start":{"line":717,"column":0},"end":{"line":717,"column":21}},"717":{"start":{"line":718,"column":0},"end":{"line":718,"column":15}},"718":{"start":{"line":719,"column":0},"end":{"line":719,"column":25}},"719":{"start":{"line":720,"column":0},"end":{"line":720,"column":12}},"720":{"start":{"line":721,"column":0},"end":{"line":721,"column":17}},"721":{"start":{"line":722,"column":0},"end":{"line":722,"column":28}},"722":{"start":{"line":723,"column":0},"end":{"line":723,"column":14}},"723":{"start":{"line":724,"column":0},"end":{"line":724,"column":98}},"724":{"start":{"line":725,"column":0},"end":{"line":725,"column":47}},"725":{"start":{"line":726,"column":0},"end":{"line":726,"column":4}},"726":{"start":{"line":727,"column":0},"end":{"line":727,"column":3}},"727":{"start":{"line":728,"column":0},"end":{"line":728,"column":11}},"728":{"start":{"line":729,"column":0},"end":{"line":729,"column":24}},"729":{"start":{"line":730,"column":0},"end":{"line":730,"column":17}},"730":{"start":{"line":731,"column":0},"end":{"line":731,"column":15}},"731":{"start":{"line":732,"column":0},"end":{"line":732,"column":11}},"732":{"start":{"line":733,"column":0},"end":{"line":733,"column":18}},"733":{"start":{"line":734,"column":0},"end":{"line":734,"column":15}},"734":{"start":{"line":735,"column":0},"end":{"line":735,"column":29}},"735":{"start":{"line":736,"column":0},"end":{"line":736,"column":12}},"736":{"start":{"line":737,"column":0},"end":{"line":737,"column":17}},"737":{"start":{"line":738,"column":0},"end":{"line":738,"column":28}},"738":{"start":{"line":739,"column":0},"end":{"line":739,"column":14}},"739":{"start":{"line":740,"column":0},"end":{"line":740,"column":216}},"740":{"start":{"line":741,"column":0},"end":{"line":741,"column":47}},"741":{"start":{"line":742,"column":0},"end":{"line":742,"column":4}},"742":{"start":{"line":743,"column":0},"end":{"line":743,"column":3}},"743":{"start":{"line":744,"column":0},"end":{"line":744,"column":11}},"744":{"start":{"line":745,"column":0},"end":{"line":745,"column":24}},"745":{"start":{"line":746,"column":0},"end":{"line":746,"column":17}},"746":{"start":{"line":747,"column":0},"end":{"line":747,"column":15}},"747":{"start":{"line":748,"column":0},"end":{"line":748,"column":11}},"748":{"start":{"line":749,"column":0},"end":{"line":749,"column":19}},"749":{"start":{"line":750,"column":0},"end":{"line":750,"column":15}},"750":{"start":{"line":751,"column":0},"end":{"line":751,"column":26}},"751":{"start":{"line":752,"column":0},"end":{"line":752,"column":12}},"752":{"start":{"line":753,"column":0},"end":{"line":753,"column":17}},"753":{"start":{"line":754,"column":0},"end":{"line":754,"column":28}},"754":{"start":{"line":755,"column":0},"end":{"line":755,"column":14}},"755":{"start":{"line":756,"column":0},"end":{"line":756,"column":247}},"756":{"start":{"line":757,"column":0},"end":{"line":757,"column":47}},"757":{"start":{"line":758,"column":0},"end":{"line":758,"column":4}},"758":{"start":{"line":759,"column":0},"end":{"line":759,"column":3}},"759":{"start":{"line":760,"column":0},"end":{"line":760,"column":11}},"760":{"start":{"line":761,"column":0},"end":{"line":761,"column":24}},"761":{"start":{"line":762,"column":0},"end":{"line":762,"column":17}},"762":{"start":{"line":763,"column":0},"end":{"line":763,"column":15}},"763":{"start":{"line":764,"column":0},"end":{"line":764,"column":11}},"764":{"start":{"line":765,"column":0},"end":{"line":765,"column":19}},"765":{"start":{"line":766,"column":0},"end":{"line":766,"column":15}},"766":{"start":{"line":767,"column":0},"end":{"line":767,"column":20}},"767":{"start":{"line":768,"column":0},"end":{"line":768,"column":12}},"768":{"start":{"line":769,"column":0},"end":{"line":769,"column":17}},"769":{"start":{"line":770,"column":0},"end":{"line":770,"column":24}},"770":{"start":{"line":771,"column":0},"end":{"line":771,"column":15}},"771":{"start":{"line":772,"column":0},"end":{"line":772,"column":29}},"772":{"start":{"line":773,"column":0},"end":{"line":773,"column":47}},"773":{"start":{"line":774,"column":0},"end":{"line":774,"column":4}},"774":{"start":{"line":775,"column":0},"end":{"line":775,"column":3}},"775":{"start":{"line":776,"column":0},"end":{"line":776,"column":11}},"776":{"start":{"line":777,"column":0},"end":{"line":777,"column":24}},"777":{"start":{"line":778,"column":0},"end":{"line":778,"column":17}},"778":{"start":{"line":779,"column":0},"end":{"line":779,"column":19}},"779":{"start":{"line":780,"column":0},"end":{"line":780,"column":11}},"780":{"start":{"line":781,"column":0},"end":{"line":781,"column":18}},"781":{"start":{"line":782,"column":0},"end":{"line":782,"column":15}},"782":{"start":{"line":783,"column":0},"end":{"line":783,"column":20}},"783":{"start":{"line":784,"column":0},"end":{"line":784,"column":12}},"784":{"start":{"line":785,"column":0},"end":{"line":785,"column":17}},"785":{"start":{"line":786,"column":0},"end":{"line":786,"column":23}},"786":{"start":{"line":787,"column":0},"end":{"line":787,"column":14}},"787":{"start":{"line":788,"column":0},"end":{"line":788,"column":632}},"788":{"start":{"line":789,"column":0},"end":{"line":789,"column":47}},"789":{"start":{"line":790,"column":0},"end":{"line":790,"column":4}},"790":{"start":{"line":791,"column":0},"end":{"line":791,"column":3}},"791":{"start":{"line":792,"column":0},"end":{"line":792,"column":11}},"792":{"start":{"line":793,"column":0},"end":{"line":793,"column":24}},"793":{"start":{"line":794,"column":0},"end":{"line":794,"column":17}},"794":{"start":{"line":795,"column":0},"end":{"line":795,"column":15}},"795":{"start":{"line":796,"column":0},"end":{"line":796,"column":11}},"796":{"start":{"line":797,"column":0},"end":{"line":797,"column":19}},"797":{"start":{"line":798,"column":0},"end":{"line":798,"column":15}},"798":{"start":{"line":799,"column":0},"end":{"line":799,"column":20}},"799":{"start":{"line":800,"column":0},"end":{"line":800,"column":12}},"800":{"start":{"line":801,"column":0},"end":{"line":801,"column":17}},"801":{"start":{"line":802,"column":0},"end":{"line":802,"column":23}},"802":{"start":{"line":803,"column":0},"end":{"line":803,"column":14}},"803":{"start":{"line":804,"column":0},"end":{"line":804,"column":118}},"804":{"start":{"line":805,"column":0},"end":{"line":805,"column":47}},"805":{"start":{"line":806,"column":0},"end":{"line":806,"column":4}},"806":{"start":{"line":807,"column":0},"end":{"line":807,"column":2}},"807":{"start":{"line":808,"column":0},"end":{"line":808,"column":0}},"808":{"start":{"line":809,"column":0},"end":{"line":809,"column":24}}},"s":{"0":1,"1":1,"2":1,"3":1,"4":1,"5":1,"6":1,"7":1,"8":1,"9":1,"10":1,"11":1,"12":1,"13":1,"14":1,"15":1,"16":1,"17":1,"18":1,"19":1,"20":1,"21":1,"22":1,"23":1,"24":1,"25":1,"26":1,"27":1,"28":1,"29":1,"30":1,"31":1,"32":1,"33":1,"34":1,"35":1,"36":1,"37":1,"38":1,"39":1,"40":1,"41":1,"42":1,"43":1,"44":1,"45":1,"46":1,"47":1,"48":1,"49":1,"50":1,"51":1,"52":1,"53":1,"54":1,"55":1,"56":1,"57":1,"58":1,"59":1,"60":1,"61":1,"62":1,"63":1,"64":1,"65":1,"66":1,"67":1,"68":1,"69":1,"70":1,"71":1,"72":1,"73":1,"74":1,"75":1,"76":1,"77":1,"78":1,"79":1,"80":1,"81":1,"82":1,"83":1,"84":1,"85":1,"86":1,"87":1,"88":1,"89":1,"90":1,"91":1,"92":1,"93":1,"94":1,"95":1,"96":1,"97":1,"98":1,"99":1,"100":1,"101":1,"102":1,"103":1,"104":1,"105":1,"106":1,"107":1,"108":1,"109":1,"110":1,"111":1,"112":1,"113":1,"114":1,"115":1,"116":1,"117":1,"118":1,"119":1,"120":1,"121":1,"122":1,"123":1,"124":1,"125":1,"126":1,"127":1,"128":1,"129":1,"130":1,"131":1,"132":1,"133":1,"134":1,"135":1,"136":1,"137":1,"138":1,"139":1,"140":1,"141":1,"142":1,"143":1,"144":1,"145":1,"146":1,"147":1,"148":1,"149":1,"150":1,"151":1,"152":1,"153":1,"154":1,"155":1,"156":1,"157":1,"158":1,"159":1,"160":1,"161":1,"162":1,"163":1,"164":1,"165":1,"166":1,"167":1,"168":1,"169":1,"170":1,"171":1,"172":1,"173":1,"174":1,"175":1,"176":1,"177":1,"178":1,"179":1,"180":1,"181":1,"182":1,"183":1,"184":1,"185":1,"186":1,"187":1,"188":1,"189":1,"190":1,"191":1,"192":1,"193":1,"194":1,"195":1,"196":1,"197":1,"198":1,"199":1,"200":1,"201":1,"202":1,"203":1,"204":1,"205":1,"206":1,"207":1,"208":1,"209":1,"210":1,"211":1,"212":1,"213":1,"214":1,"215":1,"216":1,"217":1,"218":1,"219":1,"220":1,"221":1,"222":1,"223":1,"224":1,"225":1,"226":1,"227":1,"228":1,"229":1,"230":1,"231":1,"232":1,"233":1,"234":1,"235":1,"236":1,"237":1,"238":1,"239":1,"240":1,"241":1,"242":1,"243":1,"244":1,"245":1,"246":1,"247":1,"248":1,"249":1,"250":1,"251":1,"252":1,"253":1,"254":1,"255":1,"256":1,"257":1,"258":1,"259":1,"260":1,"261":1,"262":1,"263":1,"264":1,"265":1,"266":1,"267":1,"268":1,"269":1,"270":1,"271":1,"272":1,"273":1,"274":1,"275":1,"276":1,"277":1,"278":1,"279":1,"280":1,"281":1,"282":1,"283":1,"284":1,"285":1,"286":1,"287":1,"288":1,"289":1,"290":1,"291":1,"292":1,"293":1,"294":1,"295":1,"296":1,"297":1,"298":1,"299":1,"300":1,"301":1,"302":1,"303":1,"304":1,"305":1,"306":1,"307":1,"308":1,"309":1,"310":1,"311":1,"312":1,"313":1,"314":1,"315":1,"316":1,"317":1,"318":1,"319":1,"320":1,"321":1,"322":1,"323":1,"324":1,"325":1,"326":1,"327":1,"328":1,"329":1,"330":1,"331":1,"332":1,"333":1,"334":1,"335":1,"336":1,"337":1,"338":1,"339":1,"340":1,"341":1,"342":1,"343":1,"344":1,"345":1,"346":1,"347":1,"348":1,"349":1,"350":1,"351":1,"352":1,"353":1,"354":1,"355":1,"356":1,"357":1,"358":1,"359":1,"360":1,"361":1,"362":1,"363":1,"364":1,"365":1,"366":1,"367":1,"368":1,"369":1,"370":1,"371":1,"372":1,"373":1,"374":1,"375":1,"376":1,"377":1,"378":1,"379":1,"380":1,"381":1,"382":1,"383":1,"384":1,"385":1,"386":1,"387":1,"388":1,"389":1,"390":1,"391":1,"392":1,"393":1,"394":1,"395":1,"396":1,"397":1,"398":1,"399":1,"400":1,"401":1,"402":1,"403":1,"404":1,"405":1,"406":1,"407":1,"408":1,"409":1,"410":1,"411":1,"412":1,"413":1,"414":1,"415":1,"416":1,"417":1,"418":1,"419":1,"420":1,"421":1,"422":1,"423":1,"424":1,"425":1,"426":1,"427":1,"428":1,"429":1,"430":1,"431":1,"432":1,"433":1,"434":1,"435":1,"436":1,"437":1,"438":1,"439":1,"440":1,"441":1,"442":1,"443":1,"444":1,"445":1,"446":1,"447":1,"448":1,"449":1,"450":1,"451":1,"452":1,"453":1,"454":1,"455":1,"456":1,"457":1,"458":1,"459":1,"460":1,"461":1,"462":1,"463":1,"464":1,"465":1,"466":1,"467":1,"468":1,"469":1,"470":1,"471":1,"472":1,"473":1,"474":1,"475":1,"476":1,"477":1,"478":1,"479":1,"480":1,"481":1,"482":1,"483":1,"484":1,"485":1,"486":1,"487":1,"488":1,"489":1,"490":1,"491":1,"492":1,"493":1,"494":1,"495":1,"496":1,"497":1,"498":1,"499":1,"500":1,"501":1,"502":1,"503":1,"504":1,"505":1,"506":1,"507":1,"508":1,"509":1,"510":1,"511":1,"512":1,"513":1,"514":1,"515":1,"516":1,"517":1,"518":1,"519":1,"520":1,"521":1,"522":1,"523":1,"524":1,"525":1,"526":1,"527":1,"528":1,"529":1,"530":1,"531":1,"532":1,"533":1,"534":1,"535":1,"536":1,"537":1,"538":1,"539":1,"540":1,"541":1,"542":1,"543":1,"544":1,"545":1,"546":1,"547":1,"548":1,"549":1,"550":1,"551":1,"552":1,"553":1,"554":1,"555":1,"556":1,"557":1,"558":1,"559":1,"560":1,"561":1,"562":1,"563":1,"564":1,"565":1,"566":1,"567":1,"568":1,"569":1,"570":1,"571":1,"572":1,"573":1,"574":1,"575":1,"576":1,"577":1,"578":1,"579":1,"580":1,"581":1,"582":1,"583":1,"584":1,"585":1,"586":1,"587":1,"588":1,"589":1,"590":1,"591":1,"592":1,"593":1,"594":1,"595":1,"596":1,"597":1,"598":1,"599":1,"600":1,"601":1,"602":1,"603":1,"604":1,"605":1,"606":1,"607":1,"608":1,"609":1,"610":1,"611":1,"612":1,"613":1,"614":1,"615":1,"616":1,"617":1,"618":1,"619":1,"620":1,"621":1,"622":1,"623":1,"624":1,"625":1,"626":1,"627":1,"628":1,"629":1,"630":1,"631":1,"632":1,"633":1,"634":1,"635":1,"636":1,"637":1,"638":1,"639":1,"640":1,"641":1,"642":1,"643":1,"644":1,"645":1,"646":1,"647":1,"648":1,"649":1,"650":1,"651":1,"652":1,"653":1,"654":1,"655":1,"656":1,"657":1,"658":1,"659":1,"660":1,"661":1,"662":1,"663":1,"664":1,"665":1,"666":1,"667":1,"668":1,"669":1,"670":1,"671":1,"672":1,"673":1,"674":1,"675":1,"676":1,"677":1,"678":1,"679":1,"680":1,"681":1,"682":1,"683":1,"684":1,"685":1,"686":1,"687":1,"688":1,"689":1,"690":1,"691":1,"692":1,"693":1,"694":1,"695":1,"696":1,"697":1,"698":1,"699":1,"700":1,"701":1,"702":1,"703":1,"704":1,"705":1,"706":1,"707":1,"708":1,"709":1,"710":1,"711":1,"712":1,"713":1,"714":1,"715":1,"716":1,"717":1,"718":1,"719":1,"720":1,"721":1,"722":1,"723":1,"724":1,"725":1,"726":1,"727":1,"728":1,"729":1,"730":1,"731":1,"732":1,"733":1,"734":1,"735":1,"736":1,"737":1,"738":1,"739":1,"740":1,"741":1,"742":1,"743":1,"744":1,"745":1,"746":1,"747":1,"748":1,"749":1,"750":1,"751":1,"752":1,"753":1,"754":1,"755":1,"756":1,"757":1,"758":1,"759":1,"760":1,"761":1,"762":1,"763":1,"764":1,"765":1,"766":1,"767":1,"768":1,"769":1,"770":1,"771":1,"772":1,"773":1,"774":1,"775":1,"776":1,"777":1,"778":1,"779":1,"780":1,"781":1,"782":1,"783":1,"784":1,"785":1,"786":1,"787":1,"788":1,"789":1,"790":1,"791":1,"792":1,"793":1,"794":1,"795":1,"796":1,"797":1,"798":1,"799":1,"800":1,"801":1,"802":1,"803":1,"804":1,"805":1,"806":1,"807":1,"808":1},"branchMap":{},"b":{},"fnMap":{},"f":{}}
,"D:\\react\\React\\src\\component\\UI\\card\\Card.tsx": {"path":"D:\\react\\React\\src\\component\\UI\\card\\Card.tsx","all":false,"statementMap":{"0":{"start":{"line":1,"column":0},"end":{"line":1,"column":26}},"1":{"start":{"line":2,"column":0},"end":{"line":2,"column":47}},"2":{"start":{"line":3,"column":0},"end":{"line":3,"column":0}},"3":{"start":{"line":4,"column":0},"end":{"line":4,"column":31}},"4":{"start":{"line":5,"column":0},"end":{"line":5,"column":13}},"5":{"start":{"line":6,"column":0},"end":{"line":6,"column":16}},"6":{"start":{"line":7,"column":0},"end":{"line":7,"column":16}},"7":{"start":{"line":8,"column":0},"end":{"line":8,"column":18}},"8":{"start":{"line":9,"column":0},"end":{"line":9,"column":14}},"9":{"start":{"line":10,"column":0},"end":{"line":10,"column":15}},"10":{"start":{"line":11,"column":0},"end":{"line":11,"column":18}},"11":{"start":{"line":12,"column":0},"end":{"line":12,"column":22}},"12":{"start":{"line":13,"column":0},"end":{"line":13,"column":14}},"13":{"start":{"line":14,"column":0},"end":{"line":14,"column":18}},"14":{"start":{"line":15,"column":0},"end":{"line":15,"column":17}},"15":{"start":{"line":16,"column":0},"end":{"line":16,"column":19}},"16":{"start":{"line":17,"column":0},"end":{"line":17,"column":22}},"17":{"start":{"line":18,"column":0},"end":{"line":18,"column":16}},"18":{"start":{"line":19,"column":0},"end":{"line":19,"column":1}},"19":{"start":{"line":20,"column":0},"end":{"line":20,"column":69}},"20":{"start":{"line":21,"column":0},"end":{"line":21,"column":39}},"21":{"start":{"line":22,"column":0},"end":{"line":22,"column":20}},"22":{"start":{"line":23,"column":0},"end":{"line":23,"column":6}},"23":{"start":{"line":24,"column":0},"end":{"line":24,"column":0}},"24":{"start":{"line":25,"column":0},"end":{"line":25,"column":12}},"25":{"start":{"line":26,"column":0},"end":{"line":26,"column":39}},"26":{"start":{"line":27,"column":0},"end":{"line":27,"column":12}},"27":{"start":{"line":28,"column":0},"end":{"line":28,"column":42}},"28":{"start":{"line":29,"column":0},"end":{"line":29,"column":45}},"29":{"start":{"line":30,"column":0},"end":{"line":30,"column":57}},"30":{"start":{"line":31,"column":0},"end":{"line":31,"column":14}},"31":{"start":{"line":32,"column":0},"end":{"line":32,"column":43}},"32":{"start":{"line":33,"column":0},"end":{"line":33,"column":74}},"33":{"start":{"line":34,"column":0},"end":{"line":34,"column":68}},"34":{"start":{"line":35,"column":0},"end":{"line":35,"column":70}},"35":{"start":{"line":36,"column":0},"end":{"line":36,"column":75}},"36":{"start":{"line":37,"column":0},"end":{"line":37,"column":70}},"37":{"start":{"line":38,"column":0},"end":{"line":38,"column":14}},"38":{"start":{"line":39,"column":0},"end":{"line":39,"column":12}},"39":{"start":{"line":40,"column":0},"end":{"line":40,"column":6}},"40":{"start":{"line":41,"column":0},"end":{"line":41,"column":3}},"41":{"start":{"line":42,"column":0},"end":{"line":42,"column":1}},"42":{"start":{"line":43,"column":0},"end":{"line":43,"column":0}},"43":{"start":{"line":44,"column":0},"end":{"line":44,"column":20}}},"s":{"0":1,"1":1,"2":1,"3":1,"4":1,"5":1,"6":1,"7":1,"8":1,"9":1,"10":1,"11":1,"12":1,"13":1,"14":1,"15":1,"16":1,"17":1,"18":1,"19":1,"20":1,"21":1,"22":1,"23":1,"24":1,"25":50,"26":50,"27":50,"28":50,"29":50,"30":50,"31":50,"32":50,"33":50,"34":50,"35":50,"36":50,"37":50,"38":50,"39":50,"40":50,"41":1,"42":1,"43":1},"branchMap":{"0":{"type":"branch","line":25,"loc":{"start":{"line":25,"column":2},"end":{"line":41,"column":3}},"locations":[{"start":{"line":25,"column":2},"end":{"line":41,"column":3}}]}},"b":{"0":[50]},"fnMap":{"0":{"name":"render","decl":{"start":{"line":25,"column":2},"end":{"line":41,"column":3}},"loc":{"start":{"line":25,"column":2},"end":{"line":41,"column":3}},"line":25}},"f":{"0":50}}
,"D:\\react\\React\\src\\component\\UI\\input\\MySearch.tsx": {"path":"D:\\react\\React\\src\\component\\UI\\input\\MySearch.tsx","all":false,"statementMap":{"0":{"start":{"line":1,"column":0},"end":{"line":1,"column":43}},"1":{"start":{"line":2,"column":0},"end":{"line":2,"column":53}},"2":{"start":{"line":3,"column":0},"end":{"line":3,"column":0}},"3":{"start":{"line":4,"column":0},"end":{"line":4,"column":23}},"4":{"start":{"line":5,"column":0},"end":{"line":5,"column":15}},"5":{"start":{"line":6,"column":0},"end":{"line":6,"column":22}},"6":{"start":{"line":7,"column":0},"end":{"line":7,"column":17}},"7":{"start":{"line":8,"column":0},"end":{"line":8,"column":1}},"8":{"start":{"line":9,"column":0},"end":{"line":9,"column":0}},"9":{"start":{"line":10,"column":0},"end":{"line":10,"column":72}},"10":{"start":{"line":11,"column":0},"end":{"line":11,"column":35}},"11":{"start":{"line":12,"column":0},"end":{"line":12,"column":17}},"12":{"start":{"line":13,"column":0},"end":{"line":13,"column":3}},"13":{"start":{"line":14,"column":0},"end":{"line":14,"column":0}},"14":{"start":{"line":15,"column":0},"end":{"line":15,"column":32}},"15":{"start":{"line":16,"column":0},"end":{"line":16,"column":53}},"16":{"start":{"line":17,"column":0},"end":{"line":17,"column":0}},"17":{"start":{"line":18,"column":0},"end":{"line":18,"column":48}},"18":{"start":{"line":19,"column":0},"end":{"line":19,"column":59}},"19":{"start":{"line":20,"column":0},"end":{"line":20,"column":3}},"20":{"start":{"line":21,"column":0},"end":{"line":21,"column":26}},"21":{"start":{"line":22,"column":0},"end":{"line":22,"column":28}},"22":{"start":{"line":23,"column":0},"end":{"line":23,"column":0}},"23":{"start":{"line":24,"column":0},"end":{"line":24,"column":35}},"24":{"start":{"line":25,"column":0},"end":{"line":25,"column":47}},"25":{"start":{"line":26,"column":0},"end":{"line":26,"column":3}},"26":{"start":{"line":27,"column":0},"end":{"line":27,"column":0}},"27":{"start":{"line":28,"column":0},"end":{"line":28,"column":23}},"28":{"start":{"line":29,"column":0},"end":{"line":29,"column":54}},"29":{"start":{"line":30,"column":0},"end":{"line":30,"column":0}},"30":{"start":{"line":31,"column":0},"end":{"line":31,"column":23}},"31":{"start":{"line":32,"column":0},"end":{"line":32,"column":0}},"32":{"start":{"line":33,"column":0},"end":{"line":33,"column":47}},"33":{"start":{"line":34,"column":0},"end":{"line":34,"column":3}},"34":{"start":{"line":35,"column":0},"end":{"line":35,"column":0}},"35":{"start":{"line":36,"column":0},"end":{"line":36,"column":12}},"36":{"start":{"line":37,"column":0},"end":{"line":37,"column":12}},"37":{"start":{"line":38,"column":0},"end":{"line":38,"column":12}},"38":{"start":{"line":39,"column":0},"end":{"line":39,"column":34}},"39":{"start":{"line":40,"column":0},"end":{"line":40,"column":23}},"40":{"start":{"line":41,"column":0},"end":{"line":41,"column":26}},"41":{"start":{"line":42,"column":0},"end":{"line":42,"column":31}},"42":{"start":{"line":43,"column":0},"end":{"line":43,"column":10}},"43":{"start":{"line":44,"column":0},"end":{"line":44,"column":50}},"44":{"start":{"line":45,"column":0},"end":{"line":45,"column":8}},"45":{"start":{"line":46,"column":0},"end":{"line":46,"column":6}},"46":{"start":{"line":47,"column":0},"end":{"line":47,"column":3}},"47":{"start":{"line":48,"column":0},"end":{"line":48,"column":1}},"48":{"start":{"line":49,"column":0},"end":{"line":49,"column":0}},"49":{"start":{"line":50,"column":0},"end":{"line":50,"column":24}}},"s":{"0":1,"1":1,"2":1,"3":1,"4":1,"5":1,"6":1,"7":1,"8":1,"9":1,"10":1,"11":1,"12":1,"13":1,"14":1,"15":0,"16":0,"17":0,"18":0,"19":0,"20":1,"21":1,"22":0,"23":0,"24":0,"25":1,"26":1,"27":1,"28":1,"29":1,"30":1,"31":0,"32":0,"33":1,"34":1,"35":1,"36":1,"37":1,"38":1,"39":1,"40":1,"41":0,"42":0,"43":1,"44":1,"45":1,"46":1,"47":1,"48":1,"49":1},"branchMap":{"0":{"type":"branch","line":11,"loc":{"start":{"line":11,"column":2},"end":{"line":13,"column":3}},"locations":[{"start":{"line":11,"column":2},"end":{"line":13,"column":3}}]},"1":{"type":"branch","line":21,"loc":{"start":{"line":21,"column":2},"end":{"line":26,"column":3}},"locations":[{"start":{"line":21,"column":2},"end":{"line":26,"column":3}}]},"2":{"type":"branch","line":22,"loc":{"start":{"line":22,"column":21},"end":{"line":25,"column":47}},"locations":[{"start":{"line":22,"column":21},"end":{"line":25,"column":47}}]},"3":{"type":"branch","line":28,"loc":{"start":{"line":28,"column":2},"end":{"line":34,"column":3}},"locations":[{"start":{"line":28,"column":2},"end":{"line":34,"column":3}}]},"4":{"type":"branch","line":31,"loc":{"start":{"line":31,"column":16},"end":{"line":33,"column":47}},"locations":[{"start":{"line":31,"column":16},"end":{"line":33,"column":47}}]},"5":{"type":"branch","line":36,"loc":{"start":{"line":36,"column":2},"end":{"line":47,"column":3}},"locations":[{"start":{"line":36,"column":2},"end":{"line":47,"column":3}}]},"6":{"type":"branch","line":44,"loc":{"start":{"line":44,"column":20},"end":{"line":44,"column":47}},"locations":[{"start":{"line":44,"column":20},"end":{"line":44,"column":47}}]}},"b":{"0":[1],"1":[1],"2":[0],"3":[1],"4":[0],"5":[1],"6":[0]},"fnMap":{"0":{"name":"MySearch","decl":{"start":{"line":11,"column":2},"end":{"line":13,"column":3}},"loc":{"start":{"line":11,"column":2},"end":{"line":13,"column":3}},"line":11},"1":{"name":"handleChange","decl":{"start":{"line":15,"column":2},"end":{"line":20,"column":3}},"loc":{"start":{"line":15,"column":2},"end":{"line":20,"column":3}},"line":15},"2":{"name":"componentWillUnmount","decl":{"start":{"line":21,"column":2},"end":{"line":26,"column":3}},"loc":{"start":{"line":21,"column":2},"end":{"line":26,"column":3}},"line":21},"3":{"name":"componentDidMount","decl":{"start":{"line":28,"column":2},"end":{"line":34,"column":3}},"loc":{"start":{"line":28,"column":2},"end":{"line":34,"column":3}},"line":28},"4":{"name":"render","decl":{"start":{"line":36,"column":2},"end":{"line":47,"column":3}},"loc":{"start":{"line":36,"column":2},"end":{"line":47,"column":3}},"line":36},"5":{"name":"onChange","decl":{"start":{"line":41,"column":18},"end":{"line":43,"column":10}},"loc":{"start":{"line":41,"column":18},"end":{"line":43,"column":10}},"line":41}},"f":{"0":1,"1":0,"2":1,"3":1,"4":1,"5":0}}
,"D:\\react\\React\\src\\page\\main\\main.tsx": {"path":"D:\\react\\React\\src\\page\\main\\main.tsx","all":false,"statementMap":{"0":{"start":{"line":1,"column":0},"end":{"line":1,"column":26}},"1":{"start":{"line":2,"column":0},"end":{"line":2,"column":59}},"2":{"start":{"line":3,"column":0},"end":{"line":3,"column":48}},"3":{"start":{"line":4,"column":0},"end":{"line":4,"column":50}},"4":{"start":{"line":5,"column":0},"end":{"line":5,"column":35}},"5":{"start":{"line":6,"column":0},"end":{"line":6,"column":0}},"6":{"start":{"line":7,"column":0},"end":{"line":7,"column":36}},"7":{"start":{"line":8,"column":0},"end":{"line":8,"column":12}},"8":{"start":{"line":9,"column":0},"end":{"line":9,"column":12}},"9":{"start":{"line":10,"column":0},"end":{"line":10,"column":8}},"10":{"start":{"line":11,"column":0},"end":{"line":11,"column":26}},"11":{"start":{"line":12,"column":0},"end":{"line":12,"column":65}},"12":{"start":{"line":13,"column":0},"end":{"line":13,"column":17}},"13":{"start":{"line":14,"column":0},"end":{"line":14,"column":9}},"14":{"start":{"line":15,"column":0},"end":{"line":15,"column":6}},"15":{"start":{"line":16,"column":0},"end":{"line":16,"column":3}},"16":{"start":{"line":17,"column":0},"end":{"line":17,"column":1}},"17":{"start":{"line":18,"column":0},"end":{"line":18,"column":0}},"18":{"start":{"line":19,"column":0},"end":{"line":19,"column":18}},"19":{"start":{"line":20,"column":0},"end":{"line":20,"column":10}},"20":{"start":{"line":21,"column":0},"end":{"line":21,"column":32}},"21":{"start":{"line":22,"column":0},"end":{"line":22,"column":29}},"22":{"start":{"line":23,"column":0},"end":{"line":23,"column":36}},"23":{"start":{"line":24,"column":0},"end":{"line":24,"column":9}},"24":{"start":{"line":25,"column":0},"end":{"line":25,"column":10}},"25":{"start":{"line":26,"column":0},"end":{"line":26,"column":4}},"26":{"start":{"line":27,"column":0},"end":{"line":27,"column":1}},"27":{"start":{"line":28,"column":0},"end":{"line":28,"column":0}},"28":{"start":{"line":29,"column":0},"end":{"line":29,"column":20}}},"s":{"0":1,"1":1,"2":1,"3":1,"4":1,"5":1,"6":1,"7":1,"8":1,"9":1,"10":1,"11":1,"12":1,"13":1,"14":1,"15":1,"16":1,"17":1,"18":1,"19":1,"20":1,"21":1,"22":50,"23":1,"24":1,"25":1,"26":1,"27":1,"28":1},"branchMap":{"0":{"type":"branch","line":8,"loc":{"start":{"line":8,"column":2},"end":{"line":16,"column":3}},"locations":[{"start":{"line":8,"column":2},"end":{"line":16,"column":3}}]},"1":{"type":"branch","line":19,"loc":{"start":{"line":19,"column":0},"end":{"line":27,"column":1}},"locations":[{"start":{"line":19,"column":0},"end":{"line":27,"column":1}}]},"2":{"type":"branch","line":22,"loc":{"start":{"line":22,"column":20},"end":{"line":23,"column":36}},"locations":[{"start":{"line":22,"column":20},"end":{"line":23,"column":36}}]}},"b":{"0":[1],"1":[1],"2":[50]},"fnMap":{"0":{"name":"render","decl":{"start":{"line":8,"column":2},"end":{"line":16,"column":3}},"loc":{"start":{"line":8,"column":2},"end":{"line":16,"column":3}},"line":8},"1":{"name":"Cards","decl":{"start":{"line":19,"column":0},"end":{"line":27,"column":1}},"loc":{"start":{"line":19,"column":0},"end":{"line":27,"column":1}},"line":19}},"f":{"0":1,"1":1}}
}
